#
# A fatal error has been detected by the Java Runtime Environment:
#
#  SIGSEGV (0xb) at pc=0x000000019fa31bb0, pid=23670, tid=70931
#
# JRE version: OpenJDK Runtime Environment Temurin-21.0.6+7 (21.0.6+7) (build 21.0.6+7-LTS)
# Java VM: OpenJDK 64-Bit Server VM Temurin-21.0.6+7 (21.0.6+7-LTS, mixed mode, sharing, tiered, compressed oops, compressed class ptrs, g1 gc, bsd-aarch64)
# Problematic frame:
# C  [CoreVideo+0x3bb0]  CVXTime::translateTime(CVTimeStamp const*, CVTimeStamp*) const+0x2c
#
# No core dump will be written. Core dumps have been disabled. To enable core dumping, try "ulimit -c unlimited" before starting Java again
#
# If you would like to submit a bug report, please visit:
#   https://github.com/adoptium/adoptium-support/issues
#

---------------  S U M M A R Y ------------

Command Line: -Dfile.encoding=UTF-8 -Dstdout.encoding=UTF-8 -Dstderr.encoding=UTF-8 -XX:+ShowCodeDetailsInExceptionMessages Main.GameApp

Host: "Mac15,12" arm64, 8 cores, 16G, Darwin 23.6.0, macOS 14.6 (23G80)
Time: Fri Aug  1 03:32:13 2025 PDT elapsed time: 402.570940 seconds (0d 0h 6m 42s)

---------------  T H R E A D  ---------------

Current thread is native thread

Stack: [0x00000001729e0000,0x0000000172a63000],  sp=0x0000000172a62c00,  free space=523k
Native frames: (J=compiled Java code, j=interpreted, Vv=VM code, C=native code)
C  [CoreVideo+0x3bb0]  CVXTime::translateTime(CVTimeStamp const*, CVTimeStamp*) const+0x2c
C  [CoreVideo+0x3924]  CVDisplayLink::calculateNextWakeUpTime(CVTimeStamp*, CVTimeStamp*, bool)+0xe0
C  [CoreVideo+0x2f50]  CVDisplayLink::runIOThread()+0x198
C  [libsystem_pthread.dylib+0x6f94]  _pthread_start+0x88

siginfo: si_signo: 11 (SIGSEGV), si_code: 2 (SEGV_ACCERR), si_addr: 0x0000607ed6550c38

Registers:
 x0=0x0000600003470a80  x1=0x0000000172a62d00  x2=0x0000000172a62e20  x3=0x0000000000000000
 x4=0x005e3f00005e4000  x5=0x00000000005e4001  x6=0x0000000000000000  x7=0x000000000161a4e1
 x8=0x0000607ed6550a80  x9=0x0000000000061a70 x10=0x000029f406f6e7f0 x11=0x0000000000061a70
x12=0x0000000000000000 x13=0x0000000000000100 x14=0x0000000000000100 x15=0x0000000000000000
x16=0x0000000204786478 x17=0x6790000204786478 x18=0x0000000000000000 x19=0x0000600003470a80
x20=0x0000000172a62e20 x21=0x0000000172a62d00 x22=0x0000000000000000 x23=0x0000000000000000
x24=0x000029f4070266da x25=0x000000013f11f818 x26=0x00000001fdc01a08 x27=0x000029f407027155
x28=0x0000000000000000  fp=0x0000000172a62c70  lr=0x800380019fa31924  sp=0x0000000172a62c00
pc=0x000000019fa31bb0 cpsr=0x0000000080001000

Top of Stack: (sp=0x0000000172a62c00)
0x0000000172a62c00:   00000001fdc012d8 000000019fa492b8
0x0000000172a62c10:   0000000000000000 0000000000000004
0x0000000172a62c20:   bb4500019fa31954 000000019fa78b87
0x0000000172a62c30:   0000000172a62c70 9a0780019fa491fc
0x0000000172a62c40:   000029f4070266da 0000000000000000
0x0000000172a62c50:   0000000000000000 000000013f11f800
0x0000000172a62c60:   000000013f11f620 0000000172a62e20
0x0000000172a62c70:   0000000172a62e10 800380019fa31924
0x0000000172a62c80:   000000013f11f620 0000000000000000
0x0000000172a62c90:   000029f406ff59a2 000029f406f9ea0b
0x0000000172a62ca0:   0000000000056f97 0000000000061a70
0x0000000172a62cb0:   0000000000000000 0000000172a62ddf
0x0000000172a62cc0:   0000000172a62dde 0000600003470a88
0x0000000172a62cd0:   000000000000003c 0000000000000001
0x0000000172a62ce0:   000000013f11f638 0000000000000000
0x0000000172a62cf0:   0000000172a62d10 2313800196f48630
0x0000000172a62d00:   016e360000000000 000029f406fd0260
0x0000000172a62d10:   000029f406f9ea0a 3ff0000000000000
0x0000000172a62d20:   0000000000061a70 0000000000000000
0x0000000172a62d30:   0000000000000000 0000000000000000
0x0000000172a62d40:   0000000000000001 0000000000000000
0x0000000172a62d50:   0000000000000000 0000000000000000
0x0000000172a62d60:   0000000000000000 0000000000000000
0x0000000172a62d70:   0000000000000000 0000000000000002
0x0000000172a62d80:   0000000000000000 0000000000000000
0x0000000172a62d90:   0000000000000000 0000000000000000
0x0000000172a62da0:   000000013f11f718 000000013f11f620
0x0000000172a62db0:   0000000000000000 0000000000000000
0x0000000172a62dc0:   00000001fdc01a08 00000001fdc012a0
0x0000000172a62dd0:   0000000000000003 00000001fdc0129c
0x0000000172a62de0:   000029f4070266da 0000000000000000
0x0000000172a62df0:   000000013f11f718 000000013f11f6d8 

Instructions: (pc=0x000000019fa31bb0)
0x000000019fa31ab0:   95 fd ff 97 80 1e 41 f9 a7 fd ff 97 90 02 40 f9
0x000000019fa31ac0:   f1 03 14 aa d1 59 e8 f2 30 1a c1 da 08 8e 48 f8
0x000000019fa31ad0:   e9 03 10 aa e0 03 14 aa e1 03 15 aa f1 03 09 aa
0x000000019fa31ae0:   d1 df f5 f2 11 09 3f d7 9f 1a 01 f9 90 02 40 f9
0x000000019fa31af0:   f1 03 14 aa d1 59 e8 f2 30 1a c1 da 08 8e 48 f8
0x000000019fa31b00:   e9 03 10 aa e0 03 14 aa e1 03 13 aa f1 03 09 aa
0x000000019fa31b10:   d1 df f5 f2 11 09 3f d7 fd 7b 59 a9 f4 4f 58 a9
0x000000019fa31b20:   f6 57 57 a9 f8 5f 56 a9 fa 67 55 a9 fc 6f 54 a9
0x000000019fa31b30:   e9 23 53 6d ff 83 06 91 ff 0f 5f d6 7f 23 03 d5
0x000000019fa31b40:   f6 57 bd a9 f4 4f 01 a9 fd 7b 02 a9 fd 83 00 91
0x000000019fa31b50:   f3 03 00 aa 14 60 00 91 e0 03 14 aa 39 16 01 94
0x000000019fa31b60:   75 ce 5b a9 e0 03 14 aa 3a 16 01 94 e0 03 15 aa
0x000000019fa31b70:   e1 03 13 aa fd 7b 42 a9 f4 4f 41 a9 f6 57 c3 a8
0x000000019fa31b80:   ff 0f 5f d6 7f 23 03 d5 ff 03 02 d1 f8 5f 04 a9
0x000000019fa31b90:   f6 57 05 a9 f4 4f 06 a9 fd 7b 07 a9 fd c3 01 91
0x000000019fa31ba0:   f4 03 02 aa f5 03 01 aa f3 03 00 aa 08 00 40 f9
0x000000019fa31bb0:   17 d9 5b a9 20 80 c0 3c 28 20 40 f9 e8 0f 00 f9
0x000000019fa31bc0:   e0 83 80 3c e0 03 00 f9 c1 02 00 90 21 20 17 91
0x000000019fa31bd0:   a0 00 80 52 7a 5d 00 94 80 82 c0 3c 88 22 40 f9
0x000000019fa31be0:   81 0e 40 fd 89 12 40 f9 8a 06 40 b9 e9 1b 00 f9
0x000000019fa31bf0:   e1 17 00 fd e8 ab 01 a9 e0 83 80 3c f3 03 00 f9
0x000000019fa31c00:   c1 02 00 90 21 4c 18 91 a0 00 80 52 6c 5d 00 94
0x000000019fa31c10:   f7 db 00 a9 f3 03 00 f9 c1 02 00 90 21 74 1a 91
0x000000019fa31c20:   a0 00 80 52 66 5d 00 94 68 2e 40 f9 69 52 40 b9
0x000000019fa31c30:   e8 a7 00 a9 f3 03 00 f9 c1 02 00 90 21 b0 1b 91
0x000000019fa31c40:   a0 00 80 52 5e 5d 00 94 60 26 40 fd 61 0a 40 fd
0x000000019fa31c50:   21 d8 61 7e e0 87 00 6d f3 03 00 f9 c1 02 00 90
0x000000019fa31c60:   21 bc 1c 91 a0 00 80 52 55 5d 00 94 88 22 40 f9
0x000000019fa31c70:   48 03 00 36 a9 22 40 f9 89 00 00 37 a9 00 08 37
0x000000019fa31c80:   09 00 80 d2 14 00 00 14 a9 06 40 f9 12 00 00 14
0x000000019fa31c90:   a9 0a 40 f9 6a 2e 40 f9 4b 01 09 cb 60 01 63 9e
0x000000019fa31ca0:   00 40 61 1e 29 01 0a eb 21 01 63 9e 00 9c 61 1e 



---------------  P R O C E S S  ---------------

VM state: not at safepoint (normal execution)

VM Mutex/Monitor currently owned by a thread: None

Heap address: 0x0000000700000000, size: 4096 MB, Compressed Oops mode: Zero based, Oop shift amount: 3

CDS archive(s) mapped at: [0x0000000500000000-0x0000000500c90000-0x0000000500c90000), size 13172736, SharedBaseAddress: 0x0000000500000000, ArchiveRelocationMode: 1.
Compressed class space mapped at: 0x0000000501000000-0x0000000541000000, reserved size: 1073741824
Narrow klass base: 0x0000000500000000, Narrow klass shift: 0, Narrow klass range: 0x100000000

GC Precious Log:
<Skipped>

Heap:
 garbage-first heap   total 264192K, used 126209K [0x0000000700000000, 0x0000000800000000)
  region size 2048K, 34 young (69632K), 1 survivors (2048K)
 Metaspace       used 8595K, committed 8832K, reserved 1114112K
  class space    used 856K, committed 960K, reserved 1048576K

Heap Regions: E=young(eden), S=young(survivor), O=old, HS=humongous(starts), HC=humongous(continues), CS=collection set, F=free, TAMS=top-at-mark-start, PB=parsable bottom
|   0|0x0000000700000000, 0x0000000700200000, 0x0000000700200000|100%|HS|  |TAMS 0x0000000700000000| PB 0x0000000700000000| Complete 
|   1|0x0000000700200000, 0x0000000700400000, 0x0000000700400000|100%|HC|  |TAMS 0x0000000700200000| PB 0x0000000700200000| Complete 
|   2|0x0000000700400000, 0x0000000700600000, 0x0000000700600000|100%|HC|  |TAMS 0x0000000700400000| PB 0x0000000700400000| Complete 
|   3|0x0000000700600000, 0x0000000700800000, 0x0000000700800000|100%|HC|  |TAMS 0x0000000700600000| PB 0x0000000700600000| Complete 
|   4|0x0000000700800000, 0x0000000700a00000, 0x0000000700a00000|100%|HC|  |TAMS 0x0000000700800000| PB 0x0000000700800000| Complete 
|   5|0x0000000700a00000, 0x0000000700c00000, 0x0000000700c00000|100%|HC|  |TAMS 0x0000000700a00000| PB 0x0000000700a00000| Complete 
|   6|0x0000000700c00000, 0x0000000700e00000, 0x0000000700e00000|100%|HC|  |TAMS 0x0000000700c00000| PB 0x0000000700c00000| Complete 
|   7|0x0000000700e00000, 0x0000000701000000, 0x0000000701000000|100%|HC|  |TAMS 0x0000000700e00000| PB 0x0000000700e00000| Complete 
|   8|0x0000000701000000, 0x0000000701200000, 0x0000000701200000|100%|HS|  |TAMS 0x0000000701000000| PB 0x0000000701000000| Complete 
|   9|0x0000000701200000, 0x0000000701400000, 0x0000000701400000|100%|HC|  |TAMS 0x0000000701200000| PB 0x0000000701200000| Complete 
|  10|0x0000000701400000, 0x0000000701600000, 0x0000000701600000|100%|HS|  |TAMS 0x0000000701400000| PB 0x0000000701400000| Complete 
|  11|0x0000000701600000, 0x0000000701800000, 0x0000000701800000|100%|HC|  |TAMS 0x0000000701600000| PB 0x0000000701600000| Complete 
|  12|0x0000000701800000, 0x0000000701a00000, 0x0000000701a00000|100%|HS|  |TAMS 0x0000000701800000| PB 0x0000000701800000| Complete 
|  13|0x0000000701a00000, 0x0000000701c00000, 0x0000000701c00000|100%|HC|  |TAMS 0x0000000701a00000| PB 0x0000000701a00000| Complete 
|  14|0x0000000701c00000, 0x0000000701e00000, 0x0000000701e00000|100%|HC|  |TAMS 0x0000000701c00000| PB 0x0000000701c00000| Complete 
|  15|0x0000000701e00000, 0x0000000702000000, 0x0000000702000000|100%|HC|  |TAMS 0x0000000701e00000| PB 0x0000000701e00000| Complete 
|  16|0x0000000702000000, 0x0000000702200000, 0x0000000702200000|100%|HC|  |TAMS 0x0000000702000000| PB 0x0000000702000000| Complete 
|  17|0x0000000702200000, 0x0000000702400000, 0x0000000702400000|100%|HC|  |TAMS 0x0000000702200000| PB 0x0000000702200000| Complete 
|  18|0x0000000702400000, 0x0000000702600000, 0x0000000702600000|100%|HC|  |TAMS 0x0000000702400000| PB 0x0000000702400000| Complete 
|  19|0x0000000702600000, 0x0000000702800000, 0x0000000702800000|100%|HC|  |TAMS 0x0000000702600000| PB 0x0000000702600000| Complete 
|  20|0x0000000702800000, 0x0000000702a00000, 0x0000000702a00000|100%|HS|  |TAMS 0x0000000702800000| PB 0x0000000702800000| Complete 
|  21|0x0000000702a00000, 0x0000000702c00000, 0x0000000702c00000|100%|HC|  |TAMS 0x0000000702a00000| PB 0x0000000702a00000| Complete 
|  22|0x0000000702c00000, 0x0000000702e00000, 0x0000000702e00000|100%|HC|  |TAMS 0x0000000702c00000| PB 0x0000000702c00000| Complete 
|  23|0x0000000702e00000, 0x0000000703000000, 0x0000000703000000|100%|HC|  |TAMS 0x0000000702e00000| PB 0x0000000702e00000| Complete 
|  24|0x0000000703000000, 0x0000000703200000, 0x0000000703200000|100%|HC|  |TAMS 0x0000000703000000| PB 0x0000000703000000| Complete 
|  25|0x0000000703200000, 0x0000000703400000, 0x0000000703400000|100%|HC|  |TAMS 0x0000000703200000| PB 0x0000000703200000| Complete 
|  26|0x0000000703400000, 0x0000000703600000, 0x0000000703600000|100%|HC|  |TAMS 0x0000000703400000| PB 0x0000000703400000| Complete 
|  27|0x0000000703600000, 0x0000000703800000, 0x0000000703800000|100%|HC|  |TAMS 0x0000000703600000| PB 0x0000000703600000| Complete 
|  28|0x0000000703800000, 0x0000000703800000, 0x0000000703a00000|  0%| F|  |TAMS 0x0000000703800000| PB 0x0000000703800000| Untracked 
|  29|0x0000000703a00000, 0x0000000703a00000, 0x0000000703c00000|  0%| F|  |TAMS 0x0000000703a00000| PB 0x0000000703a00000| Untracked 
|  30|0x0000000703c00000, 0x0000000703c00000, 0x0000000703e00000|  0%| F|  |TAMS 0x0000000703c00000| PB 0x0000000703c00000| Untracked 
|  31|0x0000000703e00000, 0x0000000703e00000, 0x0000000704000000|  0%| F|  |TAMS 0x0000000703e00000| PB 0x0000000703e00000| Untracked 
|  32|0x0000000704000000, 0x0000000704000000, 0x0000000704200000|  0%| F|  |TAMS 0x0000000704000000| PB 0x0000000704000000| Untracked 
|  33|0x0000000704200000, 0x0000000704200000, 0x0000000704400000|  0%| F|  |TAMS 0x0000000704200000| PB 0x0000000704200000| Untracked 
|  34|0x0000000704400000, 0x0000000704400000, 0x0000000704600000|  0%| F|  |TAMS 0x0000000704400000| PB 0x0000000704400000| Untracked 
|  35|0x0000000704600000, 0x0000000704600000, 0x0000000704800000|  0%| F|  |TAMS 0x0000000704600000| PB 0x0000000704600000| Untracked 
|  36|0x0000000704800000, 0x0000000704800000, 0x0000000704a00000|  0%| F|  |TAMS 0x0000000704800000| PB 0x0000000704800000| Untracked 
|  37|0x0000000704a00000, 0x0000000704a00000, 0x0000000704c00000|  0%| F|  |TAMS 0x0000000704a00000| PB 0x0000000704a00000| Untracked 
|  38|0x0000000704c00000, 0x0000000704c00000, 0x0000000704e00000|  0%| F|  |TAMS 0x0000000704c00000| PB 0x0000000704c00000| Untracked 
|  39|0x0000000704e00000, 0x0000000704e00000, 0x0000000705000000|  0%| F|  |TAMS 0x0000000704e00000| PB 0x0000000704e00000| Untracked 
|  40|0x0000000705000000, 0x0000000705000000, 0x0000000705200000|  0%| F|  |TAMS 0x0000000705000000| PB 0x0000000705000000| Untracked 
|  41|0x0000000705200000, 0x0000000705200000, 0x0000000705400000|  0%| F|  |TAMS 0x0000000705200000| PB 0x0000000705200000| Untracked 
|  42|0x0000000705400000, 0x0000000705400000, 0x0000000705600000|  0%| F|  |TAMS 0x0000000705400000| PB 0x0000000705400000| Untracked 
|  43|0x0000000705600000, 0x0000000705600000, 0x0000000705800000|  0%| F|  |TAMS 0x0000000705600000| PB 0x0000000705600000| Untracked 
|  44|0x0000000705800000, 0x0000000705800000, 0x0000000705a00000|  0%| F|  |TAMS 0x0000000705800000| PB 0x0000000705800000| Untracked 
|  45|0x0000000705a00000, 0x0000000705a00000, 0x0000000705c00000|  0%| F|  |TAMS 0x0000000705a00000| PB 0x0000000705a00000| Untracked 
|  46|0x0000000705c00000, 0x0000000705c00000, 0x0000000705e00000|  0%| F|  |TAMS 0x0000000705c00000| PB 0x0000000705c00000| Untracked 
|  47|0x0000000705e00000, 0x0000000705e00000, 0x0000000706000000|  0%| F|  |TAMS 0x0000000705e00000| PB 0x0000000705e00000| Untracked 
|  48|0x0000000706000000, 0x0000000706000000, 0x0000000706200000|  0%| F|  |TAMS 0x0000000706000000| PB 0x0000000706000000| Untracked 
|  49|0x0000000706200000, 0x0000000706200000, 0x0000000706400000|  0%| F|  |TAMS 0x0000000706200000| PB 0x0000000706200000| Untracked 
|  50|0x0000000706400000, 0x0000000706400000, 0x0000000706600000|  0%| F|  |TAMS 0x0000000706400000| PB 0x0000000706400000| Untracked 
|  51|0x0000000706600000, 0x0000000706600000, 0x0000000706800000|  0%| F|  |TAMS 0x0000000706600000| PB 0x0000000706600000| Untracked 
|  52|0x0000000706800000, 0x0000000706800000, 0x0000000706a00000|  0%| F|  |TAMS 0x0000000706800000| PB 0x0000000706800000| Untracked 
|  53|0x0000000706a00000, 0x0000000706a00000, 0x0000000706c00000|  0%| F|  |TAMS 0x0000000706a00000| PB 0x0000000706a00000| Untracked 
|  54|0x0000000706c00000, 0x0000000706c00000, 0x0000000706e00000|  0%| F|  |TAMS 0x0000000706c00000| PB 0x0000000706c00000| Untracked 
|  55|0x0000000706e00000, 0x0000000706e00000, 0x0000000707000000|  0%| F|  |TAMS 0x0000000706e00000| PB 0x0000000706e00000| Untracked 
|  56|0x0000000707000000, 0x0000000707000000, 0x0000000707200000|  0%| F|  |TAMS 0x0000000707000000| PB 0x0000000707000000| Untracked 
|  57|0x0000000707200000, 0x0000000707200000, 0x0000000707400000|  0%| F|  |TAMS 0x0000000707200000| PB 0x0000000707200000| Untracked 
|  58|0x0000000707400000, 0x0000000707400000, 0x0000000707600000|  0%| F|  |TAMS 0x0000000707400000| PB 0x0000000707400000| Untracked 
|  59|0x0000000707600000, 0x0000000707600000, 0x0000000707800000|  0%| F|  |TAMS 0x0000000707600000| PB 0x0000000707600000| Untracked 
|  60|0x0000000707800000, 0x0000000707800000, 0x0000000707a00000|  0%| F|  |TAMS 0x0000000707800000| PB 0x0000000707800000| Untracked 
|  61|0x0000000707a00000, 0x0000000707a00000, 0x0000000707c00000|  0%| F|  |TAMS 0x0000000707a00000| PB 0x0000000707a00000| Untracked 
|  62|0x0000000707c00000, 0x0000000707c00000, 0x0000000707e00000|  0%| F|  |TAMS 0x0000000707c00000| PB 0x0000000707c00000| Untracked 
|  63|0x0000000707e00000, 0x0000000707e00000, 0x0000000708000000|  0%| F|  |TAMS 0x0000000707e00000| PB 0x0000000707e00000| Untracked 
|  64|0x0000000708000000, 0x0000000708000000, 0x0000000708200000|  0%| F|  |TAMS 0x0000000708000000| PB 0x0000000708000000| Untracked 
|  65|0x0000000708200000, 0x0000000708200000, 0x0000000708400000|  0%| F|  |TAMS 0x0000000708200000| PB 0x0000000708200000| Untracked 
|  66|0x0000000708400000, 0x0000000708400000, 0x0000000708600000|  0%| F|  |TAMS 0x0000000708400000| PB 0x0000000708400000| Untracked 
|  67|0x0000000708600000, 0x0000000708600000, 0x0000000708800000|  0%| F|  |TAMS 0x0000000708600000| PB 0x0000000708600000| Untracked 
|  68|0x0000000708800000, 0x0000000708800000, 0x0000000708a00000|  0%| F|  |TAMS 0x0000000708800000| PB 0x0000000708800000| Untracked 
|  69|0x0000000708a00000, 0x0000000708a00000, 0x0000000708c00000|  0%| F|  |TAMS 0x0000000708a00000| PB 0x0000000708a00000| Untracked 
|  70|0x0000000708c00000, 0x0000000708c00000, 0x0000000708e00000|  0%| F|  |TAMS 0x0000000708c00000| PB 0x0000000708c00000| Untracked 
|  71|0x0000000708e00000, 0x0000000708e00000, 0x0000000709000000|  0%| F|  |TAMS 0x0000000708e00000| PB 0x0000000708e00000| Untracked 
|  72|0x0000000709000000, 0x0000000709000000, 0x0000000709200000|  0%| F|  |TAMS 0x0000000709000000| PB 0x0000000709000000| Untracked 
|  73|0x0000000709200000, 0x0000000709200000, 0x0000000709400000|  0%| F|  |TAMS 0x0000000709200000| PB 0x0000000709200000| Untracked 
|  74|0x0000000709400000, 0x0000000709400000, 0x0000000709600000|  0%| F|  |TAMS 0x0000000709400000| PB 0x0000000709400000| Untracked 
|  75|0x0000000709600000, 0x0000000709600000, 0x0000000709800000|  0%| F|  |TAMS 0x0000000709600000| PB 0x0000000709600000| Untracked 
|  76|0x0000000709800000, 0x0000000709800000, 0x0000000709a00000|  0%| F|  |TAMS 0x0000000709800000| PB 0x0000000709800000| Untracked 
|  77|0x0000000709a00000, 0x0000000709a00000, 0x0000000709c00000|  0%| F|  |TAMS 0x0000000709a00000| PB 0x0000000709a00000| Untracked 
|  78|0x0000000709c00000, 0x0000000709c00000, 0x0000000709e00000|  0%| F|  |TAMS 0x0000000709c00000| PB 0x0000000709c00000| Untracked 
|  79|0x0000000709e00000, 0x0000000709e00000, 0x000000070a000000|  0%| F|  |TAMS 0x0000000709e00000| PB 0x0000000709e00000| Untracked 
|  80|0x000000070a000000, 0x000000070a000000, 0x000000070a200000|  0%| F|  |TAMS 0x000000070a000000| PB 0x000000070a000000| Untracked 
|  81|0x000000070a200000, 0x000000070a200000, 0x000000070a400000|  0%| F|  |TAMS 0x000000070a200000| PB 0x000000070a200000| Untracked 
|  82|0x000000070a400000, 0x000000070a400000, 0x000000070a600000|  0%| F|  |TAMS 0x000000070a400000| PB 0x000000070a400000| Untracked 
|  83|0x000000070a600000, 0x000000070a600000, 0x000000070a800000|  0%| F|  |TAMS 0x000000070a600000| PB 0x000000070a600000| Untracked 
|  84|0x000000070a800000, 0x000000070a800000, 0x000000070aa00000|  0%| F|  |TAMS 0x000000070a800000| PB 0x000000070a800000| Untracked 
|  85|0x000000070aa00000, 0x000000070aa00000, 0x000000070ac00000|  0%| F|  |TAMS 0x000000070aa00000| PB 0x000000070aa00000| Untracked 
|  86|0x000000070ac00000, 0x000000070ac00000, 0x000000070ae00000|  0%| F|  |TAMS 0x000000070ac00000| PB 0x000000070ac00000| Untracked 
|  87|0x000000070ae00000, 0x000000070ae00000, 0x000000070b000000|  0%| F|  |TAMS 0x000000070ae00000| PB 0x000000070ae00000| Untracked 
|  88|0x000000070b000000, 0x000000070b000000, 0x000000070b200000|  0%| F|  |TAMS 0x000000070b000000| PB 0x000000070b000000| Untracked 
|  89|0x000000070b200000, 0x000000070b200000, 0x000000070b400000|  0%| F|  |TAMS 0x000000070b200000| PB 0x000000070b200000| Untracked 
|  90|0x000000070b400000, 0x000000070b400000, 0x000000070b600000|  0%| F|  |TAMS 0x000000070b400000| PB 0x000000070b400000| Untracked 
|  91|0x000000070b600000, 0x000000070b600000, 0x000000070b800000|  0%| F|  |TAMS 0x000000070b600000| PB 0x000000070b600000| Untracked 
|  92|0x000000070b800000, 0x000000070b800000, 0x000000070ba00000|  0%| F|  |TAMS 0x000000070b800000| PB 0x000000070b800000| Untracked 
|  93|0x000000070ba00000, 0x000000070ba00000, 0x000000070bc00000|  0%| F|  |TAMS 0x000000070ba00000| PB 0x000000070ba00000| Untracked 
|  94|0x000000070bc00000, 0x000000070bc88c60, 0x000000070be00000| 26%| E|  |TAMS 0x000000070bc00000| PB 0x000000070bc00000| Complete 
|  95|0x000000070be00000, 0x000000070c000000, 0x000000070c000000|100%| E|CS|TAMS 0x000000070be00000| PB 0x000000070be00000| Complete 
|  96|0x000000070c000000, 0x000000070c200000, 0x000000070c200000|100%| E|CS|TAMS 0x000000070c000000| PB 0x000000070c000000| Complete 
|  97|0x000000070c200000, 0x000000070c400000, 0x000000070c400000|100%| E|CS|TAMS 0x000000070c200000| PB 0x000000070c200000| Complete 
|  98|0x000000070c400000, 0x000000070c600000, 0x000000070c600000|100%| E|CS|TAMS 0x000000070c400000| PB 0x000000070c400000| Complete 
|  99|0x000000070c600000, 0x000000070c800000, 0x000000070c800000|100%| E|CS|TAMS 0x000000070c600000| PB 0x000000070c600000| Complete 
| 100|0x000000070c800000, 0x000000070ca00000, 0x000000070ca00000|100%| E|CS|TAMS 0x000000070c800000| PB 0x000000070c800000| Complete 
| 101|0x000000070ca00000, 0x000000070cc00000, 0x000000070cc00000|100%| E|CS|TAMS 0x000000070ca00000| PB 0x000000070ca00000| Complete 
| 102|0x000000070cc00000, 0x000000070ce00000, 0x000000070ce00000|100%| E|CS|TAMS 0x000000070cc00000| PB 0x000000070cc00000| Complete 
| 103|0x000000070ce00000, 0x000000070d000000, 0x000000070d000000|100%| E|CS|TAMS 0x000000070ce00000| PB 0x000000070ce00000| Complete 
| 104|0x000000070d000000, 0x000000070d200000, 0x000000070d200000|100%| E|CS|TAMS 0x000000070d000000| PB 0x000000070d000000| Complete 
| 105|0x000000070d200000, 0x000000070d400000, 0x000000070d400000|100%| E|CS|TAMS 0x000000070d200000| PB 0x000000070d200000| Complete 
| 106|0x000000070d400000, 0x000000070d600000, 0x000000070d600000|100%| E|CS|TAMS 0x000000070d400000| PB 0x000000070d400000| Complete 
| 107|0x000000070d600000, 0x000000070d800000, 0x000000070d800000|100%| E|CS|TAMS 0x000000070d600000| PB 0x000000070d600000| Complete 
| 108|0x000000070d800000, 0x000000070da00000, 0x000000070da00000|100%| E|CS|TAMS 0x000000070d800000| PB 0x000000070d800000| Complete 
| 109|0x000000070da00000, 0x000000070dc00000, 0x000000070dc00000|100%| E|CS|TAMS 0x000000070da00000| PB 0x000000070da00000| Complete 
| 110|0x000000070dc00000, 0x000000070de00000, 0x000000070de00000|100%| E|CS|TAMS 0x000000070dc00000| PB 0x000000070dc00000| Complete 
| 111|0x000000070de00000, 0x000000070e000000, 0x000000070e000000|100%| E|CS|TAMS 0x000000070de00000| PB 0x000000070de00000| Complete 
| 112|0x000000070e000000, 0x000000070e200000, 0x000000070e200000|100%| E|CS|TAMS 0x000000070e000000| PB 0x000000070e000000| Complete 
| 113|0x000000070e200000, 0x000000070e400000, 0x000000070e400000|100%| E|CS|TAMS 0x000000070e200000| PB 0x000000070e200000| Complete 
| 114|0x000000070e400000, 0x000000070e600000, 0x000000070e600000|100%| E|CS|TAMS 0x000000070e400000| PB 0x000000070e400000| Complete 
| 115|0x000000070e600000, 0x000000070e800000, 0x000000070e800000|100%| E|CS|TAMS 0x000000070e600000| PB 0x000000070e600000| Complete 
| 116|0x000000070e800000, 0x000000070e9b1ac8, 0x000000070ea00000| 84%| S|CS|TAMS 0x000000070e800000| PB 0x000000070e800000| Complete 
| 117|0x000000070ea00000, 0x000000070ec00000, 0x000000070ec00000|100%| E|CS|TAMS 0x000000070ea00000| PB 0x000000070ea00000| Complete 
| 118|0x000000070ec00000, 0x000000070ee00000, 0x000000070ee00000|100%| E|CS|TAMS 0x000000070ec00000| PB 0x000000070ec00000| Complete 
| 119|0x000000070ee00000, 0x000000070f000000, 0x000000070f000000|100%| E|CS|TAMS 0x000000070ee00000| PB 0x000000070ee00000| Complete 
| 120|0x000000070f000000, 0x000000070f200000, 0x000000070f200000|100%| E|CS|TAMS 0x000000070f000000| PB 0x000000070f000000| Complete 
| 121|0x000000070f200000, 0x000000070f400000, 0x000000070f400000|100%| E|CS|TAMS 0x000000070f200000| PB 0x000000070f200000| Complete 
| 122|0x000000070f400000, 0x000000070f600000, 0x000000070f600000|100%| E|CS|TAMS 0x000000070f400000| PB 0x000000070f400000| Complete 
| 123|0x000000070f600000, 0x000000070f800000, 0x000000070f800000|100%| E|CS|TAMS 0x000000070f600000| PB 0x000000070f600000| Complete 
| 124|0x000000070f800000, 0x000000070fa00000, 0x000000070fa00000|100%| E|CS|TAMS 0x000000070f800000| PB 0x000000070f800000| Complete 
| 125|0x000000070fa00000, 0x000000070fc00000, 0x000000070fc00000|100%| E|CS|TAMS 0x000000070fa00000| PB 0x000000070fa00000| Complete 
| 126|0x000000070fc00000, 0x000000070fe00000, 0x000000070fe00000|100%| E|CS|TAMS 0x000000070fc00000| PB 0x000000070fc00000| Complete 
| 127|0x000000070fe00000, 0x0000000710000000, 0x0000000710000000|100%| E|CS|TAMS 0x000000070fe00000| PB 0x000000070fe00000| Complete 
|2047|0x00000007ffe00000, 0x00000007fff05d48, 0x0000000800000000| 51%| O|  |TAMS 0x00000007ffe00000| PB 0x00000007ffe00000| Untracked 

Card table byte_map: [0x000000010110c000,0x000000010190c000] _byte_map_base: 0x00000000fd90c000

Marking Bits: (CMBitMap*) 0x000000014f832410
 Bits: [0x0000000115574000, 0x0000000119574000)

Polling page: 0x00000001003f8000

Metaspace:

Usage:
  Non-class:      7.56 MB used.
      Class:    856.29 KB used.
       Both:      8.39 MB used.

Virtual space:
  Non-class space:       64.00 MB reserved,       7.69 MB ( 12%) committed,  1 nodes.
      Class space:        1.00 GB reserved,     960.00 KB ( <1%) committed,  1 nodes.
             Both:        1.06 GB reserved,       8.62 MB ( <1%) committed. 

Chunk freelists:
   Non-Class:  8.23 MB
       Class:  15.10 MB
        Both:  23.33 MB

MaxMetaspaceSize: unlimited
CompressedClassSpaceSize: 1.00 GB
Initial GC threshold: 21.00 MB
Current GC threshold: 21.00 MB
CDS: on
 - commit_granule_bytes: 65536.
 - commit_granule_words: 8192.
 - virtual_space_node_default_size: 8388608.
 - enlarge_chunks_in_place: 1.
 - use_allocation_guard: 0.


Internal statistics:

num_allocs_failed_limit: 0.
num_arena_births: 170.
num_arena_deaths: 0.
num_vsnodes_births: 2.
num_vsnodes_deaths: 0.
num_space_committed: 138.
num_space_uncommitted: 0.
num_chunks_returned_to_freelist: 0.
num_chunks_taken_from_freelist: 210.
num_chunk_merges: 0.
num_chunk_splits: 132.
num_chunks_enlarged: 66.
num_inconsistent_stats: 0.

CodeHeap 'non-profiled nmethods': size=120032Kb used=1530Kb max_used=1530Kb free=118501Kb
 bounds [0x000000010e03c000, 0x000000010e2ac000, 0x0000000115574000]
CodeHeap 'profiled nmethods': size=120016Kb used=3239Kb max_used=3239Kb free=116776Kb
 bounds [0x0000000106574000, 0x00000001068a4000, 0x000000010daa8000]
CodeHeap 'non-nmethods': size=5712Kb used=1493Kb max_used=1620Kb free=4218Kb
 bounds [0x000000010daa8000, 0x000000010dd18000, 0x000000010e03c000]
 total_blobs=2574 nmethods=1906 adapters=577
 compilation: enabled
              stopped_count=0, restarted_count=0
 full_count=0

Compilation events (20 events):
Event: 242.999 Thread 0x000000014e80da00 1918       4       sun.lwawt.LWComponentPeer::localToWindow (22 bytes)
Event: 243.001 Thread 0x000000014e80da00 nmethod 1918 0x000000010e1b5990 code [0x000000010e1b5b40, 0x000000010e1b5e70]
Event: 243.001 Thread 0x000000014e80da00 1919       4       java.awt.Rectangle::<init> (21 bytes)
Event: 243.001 Thread 0x000000014e80da00 nmethod 1919 0x000000010e1b6110 code [0x000000010e1b6280, 0x000000010e1b6340]
Event: 253.932 Thread 0x000000014e80da00 1920       4       java.awt.geom.RectangularShape::<init> (5 bytes)
Event: 253.933 Thread 0x000000014e80da00 nmethod 1920 0x000000010e1b6410 code [0x000000010e1b6580, 0x000000010e1b65f8]
Event: 280.304 Thread 0x000000014e80da00 1921       4       sun.font.GlyphList::dispose (48 bytes)
Event: 280.307 Thread 0x000000014e80da00 nmethod 1921 0x000000010e1b6710 code [0x000000010e1b68c0, 0x000000010e1b6a10]
Event: 280.307 Thread 0x000000014e80da00 1922       4       sun.java2d.pipe.DrawImage::scaleImage (488 bytes)
Event: 280.318 Thread 0x000000014e80da00 nmethod 1922 0x000000010e1b6b10 code [0x000000010e1b6e00, 0x000000010e1b7b70]
Event: 280.318 Thread 0x000000014e80da00 1923       4       sun.java2d.pipe.DrawImage::transformImage (124 bytes)
Event: 280.322 Thread 0x000000014e80da00 nmethod 1923 0x000000010e1b8b10 code [0x000000010e1b8d40, 0x000000010e1b9278]
Event: 280.322 Thread 0x000000014e80da00 1924       4       sun.java2d.pipe.DrawImage::tryCopyOrScale (260 bytes)
Event: 280.324 Thread 0x000000014e80da00 nmethod 1924 0x000000010e1b9690 code [0x000000010e1b98c0, 0x000000010e1b9cc8]
Event: 316.301 Thread 0x000000014e80da00 1925  s    4       sun.font.CCharToGlyphMapper::charsToGlyphs (11 bytes)
Event: 316.303 Thread 0x000000014e80da00 nmethod 1925 0x000000010e1ba010 code [0x000000010e1ba1c0, 0x000000010e1ba4c8]
Event: 340.405 Thread 0x000000014e80da00 1926       4       java.security.AccessController::doPrivileged (17 bytes)
Event: 340.409 Thread 0x000000014e80da00 nmethod 1926 0x000000010e1ba610 code [0x000000010e1ba7c0, 0x000000010e1ba918]
Event: 340.485 Thread 0x000000014e816200 1927       3       javax.swing.Timer::post (36 bytes)
Event: 340.489 Thread 0x000000014e816200 nmethod 1927 0x000000010689c410 code [0x000000010689c800, 0x000000010689d800]

GC Heap History (2 events):
Event: 0.513 GC heap before
{Heap before GC invocations=0 (full 0):
 garbage-first heap   total 264192K, used 48151K [0x0000000700000000, 0x0000000800000000)
  region size 2048K, 11 young (22528K), 0 survivors (0K)
 Metaspace       used 7317K, committed 7552K, reserved 1114112K
  class space    used 785K, committed 896K, reserved 1048576K
}
Event: 0.515 GC heap after
{Heap after GC invocations=1 (full 0):
 garbage-first heap   total 264192K, used 27358K [0x0000000700000000, 0x0000000800000000)
  region size 2048K, 1 young (2048K), 1 survivors (2048K)
 Metaspace       used 7317K, committed 7552K, reserved 1114112K
  class space    used 785K, committed 896K, reserved 1048576K
}

Dll operation events (9 events):
Event: 0.004 Loaded shared library /Volumes/Eclipse/Eclipse.app/Contents/Eclipse/plugins/org.eclipse.justj.openjdk.hotspot.jre.full.macosx.aarch64_21.0.6.v20250130-0529/jre/lib/libjava.dylib
Event: 0.025 Loaded shared library /Volumes/Eclipse/Eclipse.app/Contents/Eclipse/plugins/org.eclipse.justj.openjdk.hotspot.jre.full.macosx.aarch64_21.0.6.v20250130-0529/jre/lib/libzip.dylib
Event: 0.035 Loaded shared library /Volumes/Eclipse/Eclipse.app/Contents/Eclipse/plugins/org.eclipse.justj.openjdk.hotspot.jre.full.macosx.aarch64_21.0.6.v20250130-0529/jre/lib/libnio.dylib
Event: 0.036 Loaded shared library /Volumes/Eclipse/Eclipse.app/Contents/Eclipse/plugins/org.eclipse.justj.openjdk.hotspot.jre.full.macosx.aarch64_21.0.6.v20250130-0529/jre/lib/libjimage.dylib
Event: 0.039 Loaded shared library /Volumes/Eclipse/Eclipse.app/Contents/Eclipse/plugins/org.eclipse.justj.openjdk.hotspot.jre.full.macosx.aarch64_21.0.6.v20250130-0529/jre/lib/libzip.dylib
Event: 0.047 Loaded shared library /Volumes/Eclipse/Eclipse.app/Contents/Eclipse/plugins/org.eclipse.justj.openjdk.hotspot.jre.full.macosx.aarch64_21.0.6.v20250130-0529/jre/lib/libawt.dylib
Event: 0.048 Loaded shared library /Volumes/Eclipse/Eclipse.app/Contents/Eclipse/plugins/org.eclipse.justj.openjdk.hotspot.jre.full.macosx.aarch64_21.0.6.v20250130-0529/jre/lib/libawt_lwawt.dylib
Event: 0.066 Loaded shared library /Volumes/Eclipse/Eclipse.app/Contents/Eclipse/plugins/org.eclipse.justj.openjdk.hotspot.jre.full.macosx.aarch64_21.0.6.v20250130-0529/jre/lib/libfontmanager.dylib
Event: 0.245 Loaded shared library /Volumes/Eclipse/Eclipse.app/Contents/Eclipse/plugins/org.eclipse.justj.openjdk.hotspot.jre.full.macosx.aarch64_21.0.6.v20250130-0529/jre/lib/libosxui.dylib

Deoptimization events (20 events):
Event: 49.946 Thread 0x000000014f0d1e00 Uncommon trap: trap_request=0xffffffde fr.pc=0x000000010e0d3a3c relative=0x00000000000000fc
Event: 49.946 Thread 0x000000014f0d1e00 Uncommon trap: reason=class_check action=maybe_recompile pc=0x000000010e0d3a3c method=jdk.internal.misc.Unsafe.allocateUninitializedArray(Ljava/lang/Class;I)Ljava/lang/Object; @ 51 c2
Event: 49.946 Thread 0x000000014f0d1e00 DEOPT PACKING pc=0x000000010e0d3a3c sp=0x00000001729d5200
Event: 49.946 Thread 0x000000014f0d1e00 DEOPT UNPACKING pc=0x000000010daeb01c sp=0x00000001729d5180 mode 2
Event: 49.981 Thread 0x000000014f0d1e00 Uncommon trap: trap_request=0xffffffde fr.pc=0x000000010e0d3a3c relative=0x00000000000000fc
Event: 49.981 Thread 0x000000014f0d1e00 Uncommon trap: reason=class_check action=maybe_recompile pc=0x000000010e0d3a3c method=jdk.internal.misc.Unsafe.allocateUninitializedArray(Ljava/lang/Class;I)Ljava/lang/Object; @ 51 c2
Event: 49.981 Thread 0x000000014f0d1e00 DEOPT PACKING pc=0x000000010e0d3a3c sp=0x00000001729d5800
Event: 49.981 Thread 0x000000014f0d1e00 DEOPT UNPACKING pc=0x000000010daeb01c sp=0x00000001729d5780 mode 2
Event: 98.276 Thread 0x000000014f0d1e00 Uncommon trap: trap_request=0xffffff6e fr.pc=0x000000010e10e934 relative=0x00000000000002f4
Event: 98.276 Thread 0x000000014f0d1e00 Uncommon trap: reason=loop_limit_check action=maybe_recompile pc=0x000000010e10e934 method=java.awt.EventDispatchThread.filterAndCheckEvent(Ljava/awt/AWTEvent;)Z @ 22 c2
Event: 98.276 Thread 0x000000014f0d1e00 DEOPT PACKING pc=0x000000010e10e934 sp=0x00000001729d6730
Event: 98.276 Thread 0x000000014f0d1e00 DEOPT UNPACKING pc=0x000000010daeb01c sp=0x00000001729d66b0 mode 2
Event: 162.382 Thread 0x000000014f0d1e00 Uncommon trap: trap_request=0xffffffcc fr.pc=0x000000010e169bd0 relative=0x0000000000005410
Event: 162.382 Thread 0x000000014f0d1e00 Uncommon trap: reason=intrinsic_or_type_checked_inlining action=make_not_entrant pc=0x000000010e169bd0 method=java.util.ArrayList$SubList.toArray([Ljava/lang/Object;)[Ljava/lang/Object; @ 58 c2
Event: 162.382 Thread 0x000000014f0d1e00 DEOPT PACKING pc=0x000000010e169bd0 sp=0x00000001729d6250
Event: 162.382 Thread 0x000000014f0d1e00 DEOPT UNPACKING pc=0x000000010daeb01c sp=0x00000001729d5fa0 mode 2
Event: 335.378 Thread 0x000000014fa68a00 Uncommon trap: trap_request=0xffffff45 fr.pc=0x000000010e1a6ed8 relative=0x0000000000001518
Event: 335.378 Thread 0x000000014fa68a00 Uncommon trap: reason=unstable_if action=reinterpret pc=0x000000010e1a6ed8 method=javax.swing.Timer.post()V @ 9 c2
Event: 335.378 Thread 0x000000014fa68a00 DEOPT PACKING pc=0x000000010e1a6ed8 sp=0x00000001727ca870
Event: 335.378 Thread 0x000000014fa68a00 DEOPT UNPACKING pc=0x000000010daeb01c sp=0x00000001727ca840 mode 2

Classes loaded (20 events):
Event: 0.723 Loading class java/awt/im/spi/InputMethod
Event: 0.723 Loading class java/awt/im/spi/InputMethod done
Event: 0.723 Loading class sun/awt/im/InputMethodAdapter done
Event: 0.723 Loading class sun/lwawt/macosx/CInputMethod done
Event: 0.724 Loading class sun/awt/im/InputMethodWindow
Event: 0.724 Loading class sun/awt/im/InputMethodWindow done
Event: 0.724 Loading class sun/awt/im/CompositionAreaHandler
Event: 0.724 Loading class sun/awt/im/CompositionAreaHandler done
Event: 0.724 Loading class java/text/AttributedString
Event: 0.725 Loading class java/text/AttributedString done
Event: 0.725 Loading class java/text/AttributedString$AttributedStringIterator
Event: 0.725 Loading class java/text/AttributedCharacterIterator
Event: 0.725 Loading class java/text/CharacterIterator
Event: 0.725 Loading class java/text/CharacterIterator done
Event: 0.725 Loading class java/text/AttributedCharacterIterator done
Event: 0.725 Loading class java/text/AttributedString$AttributedStringIterator done
Event: 77.755 Loading class java/security/DomainCombiner
Event: 77.755 Loading class java/security/DomainCombiner done
Event: 119.536 Loading class java/awt/image/BufferedImageOp
Event: 119.536 Loading class java/awt/image/BufferedImageOp done

Classes unloaded (0 events):
No events

Classes redefined (0 events):
No events

Internal exceptions (20 events):
Event: 0.057 Thread 0x000000014f80b400 Exception <a 'java/io/FileNotFoundException'{0x000000070fc53eb0}> (0x000000070fc53eb0) 
thrown [src/hotspot/share/prims/jni.cpp, line 520]
Event: 0.065 Thread 0x000000014f80b400 Exception <a 'java/lang/ClassNotFoundException'{0x000000070fc8ac90}: sun/awt/resources/spi/awtosxProvider> (0x000000070fc8ac90) 
thrown [src/hotspot/share/classfile/systemDictionary.cpp, line 312]
Event: 0.243 Thread 0x000000014f80b400 Exception <a 'java/lang/NoSuchMethodError'{0x000000070fccea98}: 'void java.lang.invoke.DirectMethodHandle$Holder.invokeSpecial(java.lang.Object, java.lang.Object, java.lang.Object)'> (0x000000070fccea98) 
thrown [src/hotspot/share/interpreter/linkResolver.cpp, line 773]
Event: 0.247 Thread 0x000000014f80b400 Exception <a 'java/lang/NoSuchMethodError'{0x000000070fdc6f00}: 'void java.lang.invoke.DirectMethodHandle$Holder.invokeStaticInit(java.lang.Object)'> (0x000000070fdc6f00) 
thrown [src/hotspot/share/interpreter/linkResolver.cpp, line 773]
Event: 0.254 Thread 0x000000014f80b400 Exception <a 'java/lang/NoSuchMethodError'{0x000000070fdeaa60}: 'java.lang.Object java.lang.invoke.DirectMethodHandle$Holder.newInvokeSpecial(java.lang.Object, java.lang.Object, java.lang.Object, java.lang.Object, java.lang.Object)'> (0x000000070fdeaa60) 
thrown [src/hotspot/share/interpreter/linkResolver.cpp, line 773]
Event: 0.256 Thread 0x000000014f80b400 Exception <a 'java/lang/NoSuchMethodError'{0x000000070fa17808}: 'java.lang.Object java.lang.invoke.DirectMethodHandle$Holder.invokeStatic(java.lang.Object, int, java.lang.Object)'> (0x000000070fa17808) 
thrown [src/hotspot/share/interpreter/linkResolver.cpp, line 773]
Event: 0.257 Thread 0x000000014f80b400 Exception <a 'java/lang/ClassNotFoundException'{0x000000070fa44a88}: com/apple/laf/resources/spi/aquaProvider> (0x000000070fa44a88) 
thrown [src/hotspot/share/classfile/systemDictionary.cpp, line 312]
Event: 0.266 Thread 0x000000014f80b400 Exception <a 'java/lang/ClassNotFoundException'{0x000000070faaa3a0}: com/sun/swing/internal/plaf/basic/resources/spi/basicProvider> (0x000000070faaa3a0) 
thrown [src/hotspot/share/classfile/systemDictionary.cpp, line 312]
Event: 0.272 Thread 0x000000014f80b400 Exception <a 'java/lang/NoSuchMethodError'{0x000000070facb3d0}: 'int java.lang.invoke.Invokers$Holder.invokeExact_MT(java.lang.Object, java.lang.Object)'> (0x000000070facb3d0) 
thrown [src/hotspot/share/interpreter/linkResolver.cpp, line 773]
Event: 0.349 Thread 0x000000014f80b400 Exception <a 'java/lang/NoSuchMethodError'{0x000000070eb4a948}: 'void java.lang.invoke.Invokers$Holder.invokeExact_MT(java.lang.Object, java.lang.Object, java.lang.Object, java.lang.Object)'> (0x000000070eb4a948) 
thrown [src/hotspot/share/interpreter/linkResolver.cpp, line 773]
Event: 0.352 Thread 0x000000014f80b400 Exception <a 'java/lang/NoSuchMethodError'{0x000000070eb565d8}: 'java.lang.Object java.lang.invoke.DirectMethodHandle$Holder.newInvokeSpecial(java.lang.Object, java.lang.Object, java.lang.Object, int, java.lang.Object)'> (0x000000070eb565d8) 
thrown [src/hotspot/share/interpreter/linkResolver.cpp, line 773]
Event: 0.352 Thread 0x000000014f80b400 Exception <a 'java/lang/NoSuchMethodError'{0x000000070eb5e1b0}: 'java.lang.Object java.lang.invoke.Invokers$Holder.linkToTargetMethod(java.lang.Object, java.lang.Object, int, java.lang.Object, java.lang.Object)'> (0x000000070eb5e1b0) 
thrown [src/hotspot/share/interpreter/linkResolver.cpp, line 773]
Event: 0.362 Thread 0x000000014f80b400 Exception <a 'java/lang/NoSuchMethodError'{0x000000070eb622b8}: 'void java.lang.invoke.DirectMethodHandle$Holder.invokeStatic(java.lang.Object, int, long)'> (0x000000070eb622b8) 
thrown [src/hotspot/share/interpreter/linkResolver.cpp, line 773]
Event: 0.364 Thread 0x000000014f0d1e00 Exception <a 'java/lang/NoSuchMethodError'{0x000000070f959c80}: 'void java.lang.invoke.DirectMethodHandle$Holder.invokeStatic(java.lang.Object, long)'> (0x000000070f959c80) 
thrown [src/hotspot/share/interpreter/linkResolver.cpp, line 773]
Event: 0.370 Thread 0x000000014f80b400 Exception <a 'java/lang/NoSuchMethodError'{0x000000070eb83838}: 'java.lang.Object java.lang.invoke.Invokers$Holder.linkToTargetMethod(int, int, int, int, java.lang.Object)'> (0x000000070eb83838) 
thrown [src/hotspot/share/interpreter/linkResolver.cpp, line 773]
Event: 0.372 Thread 0x000000014f80b400 Exception <a 'java/lang/NoSuchMethodError'{0x000000070eb86fa8}: 'void java.lang.invoke.DirectMethodHandle$Holder.invokeStatic(java.lang.Object, java.lang.Object, long)'> (0x000000070eb86fa8) 
thrown [src/hotspot/share/interpreter/linkResolver.cpp, line 773]
Event: 0.377 Thread 0x000000014f89c400 Exception <a 'java/lang/NoSuchMethodError'{0x000000070fd1c6d0}: 'void java.lang.invoke.DirectMethodHandle$Holder.invokeSpecial(java.lang.Object, java.lang.Object, long)'> (0x000000070fd1c6d0) 
thrown [src/hotspot/share/interpreter/linkResolver.cpp, line 773]
Event: 0.390 Thread 0x000000014f80b400 Exception <a 'java/lang/NoSuchMethodError'{0x000000070eb9f420}: 'void java.lang.invoke.DirectMethodHandle$Holder.invokeStatic(java.lang.Object, long, long)'> (0x000000070eb9f420) 
thrown [src/hotspot/share/interpreter/linkResolver.cpp, line 773]
Event: 0.390 Thread 0x000000014f80b400 Exception <a 'java/lang/NoSuchMethodError'{0x000000070eba42a0}: 'java.lang.Object java.lang.invoke.DirectMethodHandle$Holder.newInvokeSpecial(java.lang.Object, long)'> (0x000000070eba42a0) 
thrown [src/hotspot/share/interpreter/linkResolver.cpp, line 773]
Event: 0.392 Thread 0x000000014f80b400 Exception <a 'java/lang/NoSuchMethodError'{0x000000070ebad958}: 'java.lang.Object java.lang.invoke.DirectMethodHandle$Holder.newInvokeSpecial(java.lang.Object, java.lang.Object, int)'> (0x000000070ebad958) 
thrown [src/hotspot/share/interpreter/linkResolver.cpp, line 773]

ZGC Phase Switch (0 events):
No events

VM Operations (20 events):
Event: 201.219 Executing VM operation: Cleanup
Event: 201.219 Executing VM operation: Cleanup done
Event: 233.328 Executing VM operation: Cleanup
Event: 233.328 Executing VM operation: Cleanup done
Event: 234.329 Executing VM operation: Cleanup
Event: 234.329 Executing VM operation: Cleanup done
Event: 240.195 Executing VM operation: HandshakeAllThreads (HandshakeForDeflation)
Event: 240.195 Executing VM operation: HandshakeAllThreads (HandshakeForDeflation) done
Event: 240.195 Executing VM operation: RendezvousGCThreads
Event: 240.195 Executing VM operation: RendezvousGCThreads done
Event: 300.220 Executing VM operation: HandshakeAllThreads (HandshakeForDeflation)
Event: 300.221 Executing VM operation: HandshakeAllThreads (HandshakeForDeflation) done
Event: 300.221 Executing VM operation: RendezvousGCThreads
Event: 300.221 Executing VM operation: RendezvousGCThreads done
Event: 341.377 Executing VM operation: Cleanup
Event: 341.378 Executing VM operation: Cleanup done
Event: 360.370 Executing VM operation: HandshakeAllThreads (HandshakeForDeflation)
Event: 360.370 Executing VM operation: HandshakeAllThreads (HandshakeForDeflation) done
Event: 360.370 Executing VM operation: RendezvousGCThreads
Event: 360.370 Executing VM operation: RendezvousGCThreads done

Memory protections (18 events):
Event: 0.004 Protecting memory [0x000000016faa8000,0x000000016fab4000] with protection modes 0
Event: 0.023 Protecting memory [0x0000000170c20000,0x0000000170c2c000] with protection modes 0
Event: 0.023 Protecting memory [0x0000000170e2c000,0x0000000170e38000] with protection modes 0
Event: 0.023 Protecting memory [0x0000000171038000,0x0000000171044000] with protection modes 0
Event: 0.023 Protecting memory [0x0000000171244000,0x0000000171250000] with protection modes 0
Event: 0.023 Protecting memory [0x0000000171450000,0x000000017145c000] with protection modes 0
Event: 0.023 Protecting memory [0x000000017165c000,0x0000000171668000] with protection modes 0
Event: 0.023 Protecting memory [0x0000000171868000,0x0000000171874000] with protection modes 0
Event: 0.025 Protecting memory [0x0000000171a74000,0x0000000171a80000] with protection modes 0
Event: 0.026 Protecting memory [0x0000000171c80000,0x0000000171c8c000] with protection modes 0
Event: 0.070 Protecting memory [0x000000016f220000,0x000000016f22c000] with protection modes 0
Event: 0.122 Protecting memory [0x0000000171e8c000,0x0000000171e98000] with protection modes 0
Event: 0.228 Protecting memory [0x00000001721b0000,0x00000001721bc000] with protection modes 0
Event: 0.232 Protecting memory [0x00000001723bc000,0x00000001723c8000] with protection modes 0
Event: 0.273 Protecting memory [0x00000001725c8000,0x00000001725d4000] with protection modes 0
Event: 0.308 Protecting memory [0x00000001727d4000,0x00000001727e0000] with protection modes 0
Event: 0.417 Protecting memory [0x000000016faa8000,0x000000016fab4000] with protection modes 3
Event: 0.417 Protecting memory [0x000000016faa8000,0x000000016fab4000] with protection modes 0

Nmethod flushes (0 events):
No events

Events (18 events):
Event: 0.010 Thread 0x000000014f80b400 Thread added: 0x000000014f80b400
Event: 0.023 Thread 0x000000014f80b400 Thread added: 0x000000014e80b000
Event: 0.023 Thread 0x000000014f80b400 Thread added: 0x000000014e808e00
Event: 0.023 Thread 0x000000014f80b400 Thread added: 0x000000014e809600
Event: 0.023 Thread 0x000000014f80b400 Thread added: 0x000000014e809e00
Event: 0.023 Thread 0x000000014f80b400 Thread added: 0x000000014e80a600
Event: 0.023 Thread 0x000000014f80b400 Thread added: 0x000000014e80da00
Event: 0.023 Thread 0x000000014f80b400 Thread added: 0x000000014e816200
Event: 0.025 Thread 0x000000014f80b400 Thread added: 0x000000013f008800
Event: 0.026 Thread 0x000000014f80b400 Thread added: 0x000000013f00d000
Event: 0.070 Thread 0x000000014f89c400 Thread added: 0x000000014f89c400
Event: 0.122 Thread 0x000000014f89c400 Thread added: 0x000000014f017000
Event: 0.228 Thread 0x000000014f80b400 Thread added: 0x000000014f9a9a00
Event: 0.232 Thread 0x000000014f80b400 Thread added: 0x000000014f041000
Event: 0.273 Thread 0x000000014f80b400 Thread added: 0x000000014fa68a00
Event: 0.308 Thread 0x000000014fa68a00 Thread added: 0x000000014f0d1e00
Event: 0.417 Thread 0x000000014f80b400 Thread exited: 0x000000014f80b400
Event: 0.417 Thread 0x000000014f0e0600 Thread added: 0x000000014f0e0600


Dynamic libraries:
0x000000010086c000 	/Volumes/Eclipse/Eclipse.app/Contents/Eclipse/plugins/org.eclipse.justj.openjdk.hotspot.jre.full.macosx.aarch64_21.0.6.v20250130-0529/jre/lib/libjli.dylib
0x00000001b12be000 	/System/Library/Frameworks/Cocoa.framework/Versions/A/Cocoa
0x000000019a851000 	/System/Library/Frameworks/AppKit.framework/Versions/C/AppKit
0x000000019d8c0000 	/System/Library/Frameworks/CoreData.framework/Versions/A/CoreData
0x0000000198104000 	/System/Library/Frameworks/Foundation.framework/Versions/C/Foundation
0x00000001a3bd1000 	/usr/lib/libSystem.B.dylib
0x000000019bb90000 	/System/Library/PrivateFrameworks/UIFoundation.framework/Versions/A/UIFoundation
0x00000002324e0000 	/System/Library/PrivateFrameworks/CollectionViewCore.framework/Versions/A/CollectionViewCore
0x00000001aae50000 	/System/Library/PrivateFrameworks/RemoteViewServices.framework/Versions/A/RemoteViewServices
0x00000001a1a7e000 	/System/Library/PrivateFrameworks/XCTTargetBootstrap.framework/Versions/A/XCTTargetBootstrap
0x00000001a620f000 	/System/Library/PrivateFrameworks/InternationalSupport.framework/Versions/A/InternationalSupport
0x00000001a6263000 	/System/Library/PrivateFrameworks/UserActivity.framework/Versions/A/UserActivity
0x00000002562c1000 	/System/Library/PrivateFrameworks/WindowManagement.framework/Versions/A/WindowManagement
0x0000000197d84000 	/System/Library/Frameworks/SystemConfiguration.framework/Versions/A/SystemConfiguration
0x00000001a567b000 	/usr/lib/libspindump.dylib
0x000000019bd45000 	/System/Library/Frameworks/UniformTypeIdentifiers.framework/Versions/A/UniformTypeIdentifiers
0x000000019f8f3000 	/usr/lib/libapp_launch_measurement.dylib
0x000000019ed19000 	/System/Library/PrivateFrameworks/CoreAnalytics.framework/Versions/A/CoreAnalytics
0x000000019f8fa000 	/System/Library/PrivateFrameworks/CoreAutoLayout.framework/Versions/A/CoreAutoLayout
0x00000001a129e000 	/System/Library/Frameworks/Metal.framework/Versions/A/Metal
0x00000001a2226000 	/usr/lib/liblangid.dylib
0x00000001a1a84000 	/System/Library/PrivateFrameworks/CoreSVG.framework/Versions/A/CoreSVG
0x000000019c70a000 	/System/Library/PrivateFrameworks/SkyLight.framework/Versions/A/SkyLight
0x000000019cbac000 	/System/Library/Frameworks/CoreGraphics.framework/Versions/A/CoreGraphics
0x00000001ab52c000 	/System/Library/Frameworks/Accelerate.framework/Versions/A/Accelerate
0x00000001a54d5000 	/System/Library/PrivateFrameworks/IconServices.framework/Versions/A/IconServices
0x00000001a127c000 	/System/Library/Frameworks/IOSurface.framework/Versions/A/IOSurface
0x000000019ed48000 	/usr/lib/libDiagnosticMessagesClient.dylib
0x00000001a3b13000 	/usr/lib/libz.1.dylib
0x00000001aecd7000 	/System/Library/Frameworks/ApplicationServices.framework/Versions/A/ApplicationServices
0x00000001a1a66000 	/System/Library/PrivateFrameworks/DFRFoundation.framework/Versions/A/DFRFoundation
0x000000019a0ab000 	/usr/lib/libicucore.A.dylib
0x00000001a726d000 	/System/Library/Frameworks/AudioToolbox.framework/Versions/A/AudioToolbox
0x00000001a621e000 	/System/Library/PrivateFrameworks/DataDetectorsCore.framework/Versions/A/DataDetectorsCore
0x00000001bfcc0000 	/System/Library/PrivateFrameworks/TextInput.framework/Versions/A/TextInput
0x000000019c65b000 	/usr/lib/libMobileGestalt.dylib
0x00000001a17a2000 	/System/Library/Frameworks/Carbon.framework/Versions/A/Frameworks/HIToolbox.framework/Versions/A/HIToolbox
0x000000019f21f000 	/System/Library/Frameworks/QuartzCore.framework/Versions/A/QuartzCore
0x0000000199cd8000 	/System/Library/Frameworks/Security.framework/Versions/A/Security
0x00000001aae90000 	/System/Library/Frameworks/Carbon.framework/Versions/A/Frameworks/SpeechRecognition.framework/Versions/A/SpeechRecognition
0x000000019f621000 	/System/Library/PrivateFrameworks/CoreUI.framework/Versions/A/CoreUI
0x00000001995d1000 	/System/Library/Frameworks/CoreAudio.framework/Versions/A/CoreAudio
0x000000019ee2c000 	/System/Library/Frameworks/DiskArbitration.framework/Versions/A/DiskArbitration
0x00000001a5ad8000 	/System/Library/PrivateFrameworks/MultitouchSupport.framework/Versions/A/MultitouchSupport
0x000000019c659000 	/usr/lib/libenergytrace.dylib
0x00000001b53a1000 	/System/Library/PrivateFrameworks/RenderBox.framework/Versions/A/RenderBox
0x000000019a705000 	/System/Library/Frameworks/IOKit.framework/Versions/A/IOKit
0x00000001ab267000 	/System/Library/Frameworks/CoreServices.framework/Versions/A/CoreServices
0x000000019f87f000 	/System/Library/PrivateFrameworks/PerformanceAnalysis.framework/Versions/A/PerformanceAnalysis
0x00000001edce6000 	/System/Library/Frameworks/OpenGL.framework/Versions/A/OpenGL
0x000000019f944000 	/usr/lib/libxml2.2.dylib
0x00000001a2f55000 	/System/Library/PrivateFrameworks/MobileKeyBag.framework/Versions/A/MobileKeyBag
0x0000000196b6c000 	/usr/lib/libobjc.A.dylib
0x0000000196e63000 	/usr/lib/libc++.1.dylib
0x00000001ab1e4000 	/System/Library/Frameworks/Accessibility.framework/Versions/A/Accessibility
0x000000019d28c000 	/System/Library/Frameworks/ColorSync.framework/Versions/A/ColorSync
0x0000000196faf000 	/System/Library/Frameworks/CoreFoundation.framework/Versions/A/CoreFoundation
0x00000001a1de1000 	/System/Library/Frameworks/CoreImage.framework/Versions/A/CoreImage
0x00000001993dc000 	/System/Library/Frameworks/CoreText.framework/Versions/A/CoreText
0x00000001f2546000 	/System/Library/Frameworks/CoreTransferable.framework/Versions/A/CoreTransferable
0x00000001f2a0b000 	/System/Library/Frameworks/DeveloperToolsSupport.framework/Versions/A/DeveloperToolsSupport
0x00000001a1abf000 	/System/Library/Frameworks/ImageIO.framework/Versions/A/ImageIO
0x000000022c663000 	/System/Library/Frameworks/Symbols.framework/Versions/A/Symbols
0x00000001a3bd7000 	/System/Library/PrivateFrameworks/SoftLinking.framework/Versions/A/SoftLinking
0x00000001a6c1f000 	/usr/lib/swift/libswiftCore.dylib
0x00000001bc948000 	/usr/lib/swift/libswiftCoreFoundation.dylib
0x00000001ba3ae000 	/usr/lib/swift/libswiftCoreGraphics.dylib
0x00000001bc992000 	/usr/lib/swift/libswiftCoreImage.dylib
0x00000001ba3b5000 	/usr/lib/swift/libswiftDarwin.dylib
0x00000001ac8d7000 	/usr/lib/swift/libswiftDispatch.dylib
0x00000001bc993000 	/usr/lib/swift/libswiftIOKit.dylib
0x00000001c841a000 	/usr/lib/swift/libswiftMetal.dylib
0x00000001d5b17000 	/usr/lib/swift/libswiftOSLog.dylib
0x00000001af152000 	/usr/lib/swift/libswiftObjectiveC.dylib
0x00000001ccb67000 	/usr/lib/swift/libswiftQuartzCore.dylib
0x00000001d0c6f000 	/usr/lib/swift/libswiftUniformTypeIdentifiers.dylib
0x00000001bc95a000 	/usr/lib/swift/libswiftXPC.dylib
0x000000025e76c000 	/usr/lib/swift/libswift_Concurrency.dylib
0x00000001af156000 	/usr/lib/swift/libswiftos.dylib
0x00000001bfc24000 	/usr/lib/swift/libswiftsimd.dylib
0x00000001a3d86000 	/usr/lib/libcompression.dylib
0x00000001a6169000 	/System/Library/PrivateFrameworks/TextureIO.framework/Versions/A/TextureIO
0x00000001a5181000 	/usr/lib/libate.dylib
0x00000001a3bcb000 	/usr/lib/system/libcache.dylib
0x00000001a3b85000 	/usr/lib/system/libcommonCrypto.dylib
0x00000001a3bb1000 	/usr/lib/system/libcompiler_rt.dylib
0x00000001a3ba7000 	/usr/lib/system/libcopyfile.dylib
0x0000000196cb2000 	/usr/lib/system/libcorecrypto.dylib
0x0000000196d99000 	/usr/lib/system/libdispatch.dylib
0x0000000196f54000 	/usr/lib/system/libdyld.dylib
0x00000001a3bc1000 	/usr/lib/system/libkeymgr.dylib
0x00000001a3b5d000 	/usr/lib/system/libmacho.dylib
0x00000001a303d000 	/usr/lib/system/libquarantine.dylib
0x00000001a3bbe000 	/usr/lib/system/libremovefile.dylib
0x000000019c6d1000 	/usr/lib/system/libsystem_asl.dylib
0x0000000196c47000 	/usr/lib/system/libsystem_blocks.dylib
0x0000000196de4000 	/usr/lib/system/libsystem_c.dylib
0x00000001a3bb5000 	/usr/lib/system/libsystem_collections.dylib
0x00000001a2215000 	/usr/lib/system/libsystem_configuration.dylib
0x00000001a1251000 	/usr/lib/system/libsystem_containermanager.dylib
0x00000001a37f4000 	/usr/lib/system/libsystem_coreservices.dylib
0x000000019a372000 	/usr/lib/system/libsystem_darwin.dylib
0x000000025eab9000 	/usr/lib/system/libsystem_darwindirectory.dylib
0x00000001a3bc2000 	/usr/lib/system/libsystem_dnssd.dylib
0x000000025eabd000 	/usr/lib/system/libsystem_eligibility.dylib
0x0000000196de1000 	/usr/lib/system/libsystem_featureflags.dylib
0x0000000196f82000 	/usr/lib/system/libsystem_info.dylib
0x00000001a3b22000 	/usr/lib/system/libsystem_m.dylib
0x0000000196d5c000 	/usr/lib/system/libsystem_malloc.dylib
0x000000019c63e000 	/usr/lib/system/libsystem_networkextension.dylib
0x000000019a7e8000 	/usr/lib/system/libsystem_notify.dylib
0x00000001a221a000 	/usr/lib/system/libsystem_sandbox.dylib
0x000000025eac1000 	/usr/lib/system/libsystem_sanitizers.dylib
0x00000001a3bba000 	/usr/lib/system/libsystem_secinit.dylib
0x0000000196f0c000 	/usr/lib/system/libsystem_kernel.dylib
0x0000000196f7a000 	/usr/lib/system/libsystem_platform.dylib
0x0000000196f47000 	/usr/lib/system/libsystem_pthread.dylib
0x000000019e0c3000 	/usr/lib/system/libsystem_symptoms.dylib
0x0000000196c97000 	/usr/lib/system/libsystem_trace.dylib
0x00000001a3b93000 	/usr/lib/system/libunwind.dylib
0x0000000196c4c000 	/usr/lib/system/libxpc.dylib
0x0000000196ef0000 	/usr/lib/libc++abi.dylib
0x00000001a3b9f000 	/usr/lib/liboah.dylib
0x00000001a502d000 	/usr/lib/liblzma.5.dylib
0x00000001a3bd3000 	/usr/lib/libfakelink.dylib
0x000000019c26a000 	/System/Library/Frameworks/CFNetwork.framework/Versions/A/CFNetwork
0x00000001a3c27000 	/usr/lib/libarchive.2.dylib
0x00000001a9163000 	/System/Library/Frameworks/Combine.framework/Versions/A/Combine
0x00000002324f4000 	/System/Library/PrivateFrameworks/CollectionsInternal.framework/Versions/A/CollectionsInternal
0x00000002487a3000 	/System/Library/PrivateFrameworks/ReflectionInternal.framework/Versions/A/ReflectionInternal
0x0000000248d35000 	/System/Library/PrivateFrameworks/RuntimeInternal.framework/Versions/A/RuntimeInternal
0x000000025e8c0000 	/usr/lib/swift/libswift_StringProcessing.dylib
0x000000019a683000 	/System/Library/PrivateFrameworks/CoreServicesInternal.framework/Versions/A/CoreServicesInternal
0x00000001a3064000 	/usr/lib/libbsm.0.dylib
0x00000001a3b65000 	/usr/lib/system/libkxld.dylib
0x000000019f8bb000 	/System/Library/Frameworks/CoreServices.framework/Versions/A/Frameworks/FSEvents.framework/Versions/A/FSEvents
0x000000019a37d000 	/System/Library/Frameworks/CoreServices.framework/Versions/A/Frameworks/CarbonCore.framework/Versions/A/CarbonCore
0x000000019ed91000 	/System/Library/Frameworks/CoreServices.framework/Versions/A/Frameworks/Metadata.framework/Versions/A/Metadata
0x00000001a37fa000 	/System/Library/Frameworks/CoreServices.framework/Versions/A/Frameworks/OSServices.framework/Versions/A/OSServices
0x00000001a3cb0000 	/System/Library/Frameworks/CoreServices.framework/Versions/A/Frameworks/SearchKit.framework/Versions/A/SearchKit
0x000000019e044000 	/System/Library/Frameworks/CoreServices.framework/Versions/A/Frameworks/AE.framework/Versions/A/AE
0x0000000197488000 	/System/Library/Frameworks/CoreServices.framework/Versions/A/Frameworks/LaunchServices.framework/Versions/A/LaunchServices
0x00000001a4fd6000 	/System/Library/Frameworks/CoreServices.framework/Versions/A/Frameworks/DictionaryServices.framework/Versions/A/DictionaryServices
0x000000019f8c8000 	/System/Library/Frameworks/CoreServices.framework/Versions/A/Frameworks/SharedFileList.framework/Versions/A/SharedFileList
0x00000001a3d50000 	/usr/lib/libapple_nghttp2.dylib
0x000000019dcb8000 	/usr/lib/libsqlite3.dylib
0x000000019e0cc000 	/System/Library/Frameworks/Network.framework/Versions/A/Network
0x000000025d179000 	/usr/lib/libCoreEntitlements.dylib
0x0000000243695000 	/System/Library/PrivateFrameworks/MessageSecurity.framework/Versions/A/MessageSecurity
0x000000019dc9e000 	/System/Library/PrivateFrameworks/ProtocolBuffer.framework/Versions/A/ProtocolBuffer
0x00000001a3723000 	/System/Library/PrivateFrameworks/AppleFSCompression.framework/Versions/A/AppleFSCompression
0x00000001a304c000 	/usr/lib/libcoretls.dylib
0x00000001a504c000 	/usr/lib/libcoretls_cfhelpers.dylib
0x00000001a3d80000 	/usr/lib/libpam.2.dylib
0x00000001a50be000 	/usr/lib/libxar.1.dylib
0x00000001a54ac000 	/usr/lib/libheimdal-asn1.dylib
0x000000019c269000 	/usr/lib/libnetwork.dylib
0x00000001a3bd8000 	/usr/lib/libpcap.A.dylib
0x000000019e0b8000 	/usr/lib/libdns_services.dylib
0x00000001a2222000 	/System/Library/PrivateFrameworks/AppleSystemInfo.framework/Versions/A/AppleSystemInfo
0x00000001a2d4a000 	/System/Library/PrivateFrameworks/IOMobileFramebuffer.framework/Versions/A/IOMobileFramebuffer
0x000000025e817000 	/usr/lib/swift/libswift_RegexParser.dylib
0x00000001a37e7000 	/usr/lib/libbz2.1.0.dylib
0x00000001a3040000 	/usr/lib/libCheckFix.dylib
0x000000019c6e9000 	/System/Library/PrivateFrameworks/TCC.framework/Versions/A/TCC
0x00000001a2228000 	/System/Library/PrivateFrameworks/CoreNLP.framework/Versions/A/CoreNLP
0x000000019ed4a000 	/System/Library/PrivateFrameworks/MetadataUtilities.framework/Versions/A/MetadataUtilities
0x00000001a3076000 	/usr/lib/libmecab.dylib
0x0000000197e18000 	/usr/lib/libCRFSuite.dylib
0x00000001a30d2000 	/usr/lib/libgermantok.dylib
0x00000001a3d27000 	/usr/lib/libThaiTokenizer.dylib
0x000000019ee35000 	/System/Library/Frameworks/Accelerate.framework/Versions/A/Frameworks/vImage.framework/Versions/A/vImage
0x00000001ab23e000 	/System/Library/Frameworks/Accelerate.framework/Versions/A/Frameworks/vecLib.framework/Versions/A/vecLib
0x00000001a5105000 	/System/Library/Frameworks/Accelerate.framework/Versions/A/Frameworks/vecLib.framework/Versions/A/libvMisc.dylib
0x00000001a2c25000 	/System/Library/Frameworks/Accelerate.framework/Versions/A/Frameworks/vecLib.framework/Versions/A/libvDSP.dylib
0x000000019788f000 	/System/Library/Frameworks/Accelerate.framework/Versions/A/Frameworks/vecLib.framework/Versions/A/libBLAS.dylib
0x00000001a3e5b000 	/System/Library/Frameworks/Accelerate.framework/Versions/A/Frameworks/vecLib.framework/Versions/A/libLAPACK.dylib
0x00000001a30d5000 	/System/Library/Frameworks/Accelerate.framework/Versions/A/Frameworks/vecLib.framework/Versions/A/libLinearAlgebra.dylib
0x00000001a3d6b000 	/System/Library/Frameworks/Accelerate.framework/Versions/A/Frameworks/vecLib.framework/Versions/A/libSparseBLAS.dylib
0x00000001a3e56000 	/System/Library/Frameworks/Accelerate.framework/Versions/A/Frameworks/vecLib.framework/Versions/A/libQuadrature.dylib
0x00000001a2351000 	/System/Library/Frameworks/Accelerate.framework/Versions/A/Frameworks/vecLib.framework/Versions/A/libBNNS.dylib
0x0000000197d1d000 	/System/Library/Frameworks/Accelerate.framework/Versions/A/Frameworks/vecLib.framework/Versions/A/libSparse.dylib
0x0000000241de4000 	/System/Library/PrivateFrameworks/MIL.framework/Versions/A/MIL
0x00000001a3c0e000 	/usr/lib/libiconv.2.dylib
0x00000001a3b59000 	/usr/lib/libcharset.1.dylib
0x000000019f89b000 	/System/Library/Frameworks/OpenDirectory.framework/Versions/A/Frameworks/CFOpenDirectory.framework/Versions/A/CFOpenDirectory
0x000000019f88b000 	/System/Library/Frameworks/OpenDirectory.framework/Versions/A/OpenDirectory
0x00000001a504e000 	/System/Library/PrivateFrameworks/APFS.framework/Versions/A/APFS
0x00000001a2f7c000 	/System/Library/Frameworks/SecurityFoundation.framework/Versions/A/SecurityFoundation
0x00000001a50cd000 	/usr/lib/libutil.dylib
0x000000023ff37000 	/System/Library/PrivateFrameworks/InstalledContentLibrary.framework/Versions/A/InstalledContentLibrary
0x000000019a6c4000 	/System/Library/PrivateFrameworks/CoreServicesStore.framework/Versions/A/CoreServicesStore
0x000000022fc8c000 	/System/Library/PrivateFrameworks/AppleMobileFileIntegrity.framework/Versions/A/AppleMobileFileIntegrity
0x00000001bc916000 	/usr/lib/libmis.dylib
0x00000001cd04e000 	/System/Library/PrivateFrameworks/MobileSystemServices.framework/Versions/A/MobileSystemServices
0x00000001eb0f0000 	/System/Library/PrivateFrameworks/ConfigProfileHelper.framework/Versions/A/ConfigProfileHelper
0x00000001a3d29000 	/System/Library/PrivateFrameworks/AppleSauce.framework/Versions/A/AppleSauce
0x0000000198d62000 	/System/Library/PrivateFrameworks/LanguageModeling.framework/Versions/A/LanguageModeling
0x00000001a50d1000 	/usr/lib/libxslt.1.dylib
0x00000001a3c15000 	/usr/lib/libcmph.dylib
0x00000001a2d16000 	/System/Library/PrivateFrameworks/CoreEmoji.framework/Versions/A/CoreEmoji
0x00000001a234b000 	/System/Library/PrivateFrameworks/LinguisticData.framework/Versions/A/LinguisticData
0x0000000197c2b000 	/System/Library/PrivateFrameworks/Lexicon.framework/Versions/A/Lexicon
0x00000001a300a000 	/System/Library/PrivateFrameworks/BackgroundTaskManagement.framework/Versions/A/BackgroundTaskManagement
0x000000025d367000 	/usr/lib/libTLE.dylib
0x00000001a599e000 	/System/Library/PrivateFrameworks/AppleJPEG.framework/Versions/A/AppleJPEG
0x00000001a5491000 	/usr/lib/libexpat.1.dylib
0x00000001a5fc6000 	/System/Library/Frameworks/ImageIO.framework/Versions/A/Resources/libPng.dylib
0x00000001a5ff1000 	/System/Library/Frameworks/ImageIO.framework/Versions/A/Resources/libTIFF.dylib
0x00000001a60dd000 	/System/Library/Frameworks/ImageIO.framework/Versions/A/Resources/libGIF.dylib
0x00000001a59e4000 	/System/Library/Frameworks/ImageIO.framework/Versions/A/Resources/libJP2.dylib
0x00000001a6082000 	/System/Library/Frameworks/ImageIO.framework/Versions/A/Resources/libJPEG.dylib
0x00000001a6079000 	/System/Library/Frameworks/ImageIO.framework/Versions/A/Resources/libRadiance.dylib
0x00000001a163d000 	/System/Library/PrivateFrameworks/FontServices.framework/libFontParser.dylib
0x000000019dfdd000 	/System/Library/PrivateFrameworks/RunningBoardServices.framework/Versions/A/RunningBoardServices
0x00000001b1b98000 	/System/Library/PrivateFrameworks/IOSurfaceAccelerator.framework/Versions/A/IOSurfaceAccelerator
0x00000001a5ad4000 	/System/Library/PrivateFrameworks/WatchdogClient.framework/Versions/A/WatchdogClient
0x0000000198f48000 	/System/Library/Frameworks/CoreDisplay.framework/Versions/A/CoreDisplay
0x00000001a14f4000 	/System/Library/Frameworks/CoreMedia.framework/Versions/A/CoreMedia
0x00000001a1294000 	/System/Library/PrivateFrameworks/IOAccelerator.framework/Versions/A/IOAccelerator
0x000000019fa2e000 	/System/Library/Frameworks/CoreVideo.framework/Versions/A/CoreVideo
0x00000001a3d7e000 	/System/Library/Frameworks/MetalPerformanceShaders.framework/Versions/A/MetalPerformanceShaders
0x00000001a5b17000 	/System/Library/Frameworks/VideoToolbox.framework/Versions/A/VideoToolbox
0x000000019faca000 	/System/Library/PrivateFrameworks/UserManagement.framework/Versions/A/UserManagement
0x000000019df04000 	/System/Library/PrivateFrameworks/BaseBoard.framework/Versions/A/BaseBoard
0x00000001a2220000 	/System/Library/PrivateFrameworks/AggregateDictionary.framework/Versions/A/AggregateDictionary
0x000000022fac6000 	/System/Library/PrivateFrameworks/AppleKeyStore.framework/Versions/A/AppleKeyStore
0x00000001a6074000 	/System/Library/PrivateFrameworks/GPUWrangler.framework/Versions/A/GPUWrangler
0x00000001a6054000 	/System/Library/PrivateFrameworks/IOPresentment.framework/Versions/A/IOPresentment
0x00000001a607c000 	/System/Library/PrivateFrameworks/DSExternalDisplay.framework/Versions/A/DSExternalDisplay
0x000000023bfb0000 	/System/Library/PrivateFrameworks/GPUCompiler.framework/Versions/32023/Libraries/libllvm-flatbuffers.dylib
0x00000001edcd9000 	/System/Library/Frameworks/OpenGL.framework/Versions/A/Libraries/libCoreFSCache.dylib
0x00000002391c8000 	/System/Library/PrivateFrameworks/GPUCompiler.framework/Versions/32023/Libraries/libGPUCompilerUtils.dylib
0x00000001a60e3000 	/System/Library/PrivateFrameworks/CMCaptureCore.framework/Versions/A/CMCaptureCore
0x00000001f2b2f000 	/System/Library/Frameworks/ExtensionFoundation.framework/Versions/A/ExtensionFoundation
0x00000001ad140000 	/System/Library/PrivateFrameworks/CoreTime.framework/Versions/A/CoreTime
0x00000001a5665000 	/System/Library/PrivateFrameworks/AppServerSupport.framework/Versions/A/AppServerSupport
0x00000001a7bfb000 	/System/Library/PrivateFrameworks/perfdata.framework/Versions/A/perfdata
0x000000019906c000 	/System/Library/PrivateFrameworks/AudioToolboxCore.framework/Versions/A/AudioToolboxCore
0x00000001a14ca000 	/System/Library/PrivateFrameworks/caulk.framework/Versions/A/caulk
0x00000001a7469000 	/usr/lib/libAudioStatistics.dylib
0x00000001bbc4f000 	/System/Library/PrivateFrameworks/SystemPolicy.framework/Versions/A/SystemPolicy
0x00000001a7742000 	/usr/lib/libSMC.dylib
0x00000001b1140000 	/System/Library/Frameworks/CoreMIDI.framework/Versions/A/CoreMIDI
0x00000001a5f8d000 	/usr/lib/libAudioToolboxUtility.dylib
0x00000001b7041000 	/System/Library/PrivateFrameworks/OSAServicesClient.framework/Versions/A/OSAServicesClient
0x00000001a7c09000 	/usr/lib/libperfcheck.dylib
0x00000001acbf7000 	/System/Library/PrivateFrameworks/BoardServices.framework/Versions/A/BoardServices
0x00000001a5379000 	/System/Library/PrivateFrameworks/PlugInKit.framework/Versions/A/PlugInKit
0x00000001a2f6e000 	/System/Library/PrivateFrameworks/AssertionServices.framework/Versions/A/AssertionServices
0x00000001b0251000 	/System/Library/PrivateFrameworks/ASEProcessing.framework/Versions/A/ASEProcessing
0x00000001d8fa5000 	/System/Library/PrivateFrameworks/Symbolication.framework/Versions/A/Symbolication
0x000000024758c000 	/System/Library/PrivateFrameworks/PhotosensitivityProcessing.framework/Versions/A/PhotosensitivityProcessing
0x00000001a5616000 	/System/Library/PrivateFrameworks/GraphVisualizer.framework/Versions/A/GraphVisualizer
0x00000001edd3b000 	/System/Library/Frameworks/OpenGL.framework/Versions/A/Libraries/libGLU.dylib
0x00000001edcfa000 	/System/Library/Frameworks/OpenGL.framework/Versions/A/Libraries/libGFXShared.dylib
0x00000001eded3000 	/System/Library/Frameworks/OpenGL.framework/Versions/A/Libraries/libGL.dylib
0x00000001edd03000 	/System/Library/Frameworks/OpenGL.framework/Versions/A/Libraries/libGLImage.dylib
0x00000001edcf7000 	/System/Library/Frameworks/OpenGL.framework/Versions/A/Libraries/libCVMSPluginSupport.dylib
0x000000025d31f000 	/usr/lib/libRosetta.dylib
0x00000001edce0000 	/System/Library/Frameworks/OpenGL.framework/Versions/A/Libraries/libCoreVMClient.dylib
0x0000000237562000 	/System/Library/PrivateFrameworks/FontServices.framework/Versions/A/FontServices
0x00000001a5622000 	/System/Library/PrivateFrameworks/OTSVG.framework/Versions/A/OTSVG
0x000000019f5cf000 	/System/Library/Frameworks/ApplicationServices.framework/Versions/A/Frameworks/ATS.framework/Versions/A/Resources/libFontRegistry.dylib
0x00000001a5670000 	/System/Library/PrivateFrameworks/FontServices.framework/libhvf.dylib
0x0000000237563000 	/System/Library/PrivateFrameworks/FontServices.framework/libXTFontStaticRegistryData.dylib
0x00000001a2167000 	/System/Library/Frameworks/MetalPerformanceShaders.framework/Versions/A/Frameworks/MPSCore.framework/Versions/A/MPSCore
0x00000001a3691000 	/System/Library/Frameworks/MetalPerformanceShaders.framework/Versions/A/Frameworks/MPSImage.framework/Versions/A/MPSImage
0x00000001a30ea000 	/System/Library/Frameworks/MetalPerformanceShaders.framework/Versions/A/Frameworks/MPSNeuralNetwork.framework/Versions/A/MPSNeuralNetwork
0x00000001a3535000 	/System/Library/Frameworks/MetalPerformanceShaders.framework/Versions/A/Frameworks/MPSMatrix.framework/Versions/A/MPSMatrix
0x00000001a3340000 	/System/Library/Frameworks/MetalPerformanceShaders.framework/Versions/A/Frameworks/MPSRayIntersector.framework/Versions/A/MPSRayIntersector
0x00000001a3567000 	/System/Library/Frameworks/MetalPerformanceShaders.framework/Versions/A/Frameworks/MPSNDArray.framework/Versions/A/MPSNDArray
0x00000001f4505000 	/System/Library/Frameworks/MetalPerformanceShaders.framework/Versions/A/Frameworks/MPSFunctions.framework/Versions/A/MPSFunctions
0x00000001f44ea000 	/System/Library/Frameworks/MetalPerformanceShaders.framework/Versions/A/Frameworks/MPSBenchmarkLoop.framework/Versions/A/MPSBenchmarkLoop
0x0000000197743000 	/System/Library/PrivateFrameworks/MetalTools.framework/Versions/A/MetalTools
0x00000001c0e14000 	/System/Library/PrivateFrameworks/IOAccelMemoryInfo.framework/Versions/A/IOAccelMemoryInfo
0x00000001ccf47000 	/System/Library/PrivateFrameworks/kperf.framework/Versions/A/kperf
0x00000001bc93b000 	/System/Library/PrivateFrameworks/GPURawCounter.framework/Versions/A/GPURawCounter
0x00000001ad012000 	/System/Library/PrivateFrameworks/CoreSymbolication.framework/Versions/A/CoreSymbolication
0x00000001bc8e7000 	/System/Library/PrivateFrameworks/MallocStackLogging.framework/Versions/A/MallocStackLogging
0x00000001a521b000 	/System/Library/PrivateFrameworks/CrashReporterSupport.framework/Versions/A/CrashReporterSupport
0x00000001acfcd000 	/System/Library/PrivateFrameworks/DebugSymbols.framework/Versions/A/DebugSymbols
0x00000001cb89e000 	/System/Library/PrivateFrameworks/OSAnalytics.framework/Versions/A/OSAnalytics
0x00000002544f7000 	/System/Library/PrivateFrameworks/VideoToolboxParavirtualizationSupport.framework/Versions/A/VideoToolboxParavirtualizationSupport
0x00000001a5445000 	/System/Library/PrivateFrameworks/AppleVA.framework/Versions/A/AppleVA
0x00000001a74b1000 	/System/Library/Frameworks/ApplicationServices.framework/Versions/A/Frameworks/ATS.framework/Versions/A/ATS
0x000000019d43b000 	/System/Library/Frameworks/ApplicationServices.framework/Versions/A/Frameworks/HIServices.framework/Versions/A/HIServices
0x00000001a60f1000 	/System/Library/Frameworks/ApplicationServices.framework/Versions/A/Frameworks/PrintCore.framework/Versions/A/PrintCore
0x00000001a789b000 	/System/Library/Frameworks/ApplicationServices.framework/Versions/A/Frameworks/QD.framework/Versions/A/QD
0x00000001a788f000 	/System/Library/Frameworks/ApplicationServices.framework/Versions/A/Frameworks/ColorSyncLegacy.framework/Versions/A/ColorSyncLegacy
0x00000001a7481000 	/System/Library/Frameworks/ApplicationServices.framework/Versions/A/Frameworks/SpeechSynthesis.framework/Versions/A/SpeechSynthesis
0x00000001a60ad000 	/System/Library/Frameworks/ApplicationServices.framework/Versions/A/Frameworks/ATSUI.framework/Versions/A/ATSUI
0x00000001a7822000 	/usr/lib/libcups.2.dylib
0x00000001a7c17000 	/System/Library/Frameworks/Kerberos.framework/Versions/A/Kerberos
0x00000001a7c28000 	/System/Library/Frameworks/GSS.framework/Versions/A/GSS
0x00000001a7530000 	/usr/lib/libresolv.9.dylib
0x00000001a5681000 	/System/Library/PrivateFrameworks/Heimdal.framework/Versions/A/Heimdal
0x00000001af0bf000 	/System/Library/Frameworks/Kerberos.framework/Versions/A/Libraries/libHeimdalProxy.dylib
0x00000001a7c82000 	/System/Library/PrivateFrameworks/CommonAuth.framework/Versions/A/CommonAuth
0x00000001f1913000 	/System/Library/Frameworks/AVFAudio.framework/Versions/A/AVFAudio
0x00000001b7090000 	/System/Library/PrivateFrameworks/AXCoreUtilities.framework/Versions/A/AXCoreUtilities
0x00000002414ae000 	/System/Library/PrivateFrameworks/IsolatedCoreAudioClient.framework/Versions/A/IsolatedCoreAudioClient
0x00000001a73ed000 	/System/Library/PrivateFrameworks/AudioSession.framework/Versions/A/AudioSession
0x00000001a8f02000 	/System/Library/Frameworks/IOBluetooth.framework/Versions/A/IOBluetooth
0x00000001a5550000 	/System/Library/PrivateFrameworks/MediaExperience.framework/Versions/A/MediaExperience
0x00000001a722c000 	/System/Library/PrivateFrameworks/AudioSession.framework/libSessionUtility.dylib
0x00000001a78a7000 	/System/Library/PrivateFrameworks/AudioResourceArbitration.framework/Versions/A/AudioResourceArbitration
0x00000001abf85000 	/System/Library/PrivateFrameworks/PowerLog.framework/Versions/A/PowerLog
0x00000001abea3000 	/System/Library/Frameworks/CoreBluetooth.framework/Versions/A/CoreBluetooth
0x00000001af0c0000 	/System/Library/Frameworks/AudioUnit.framework/Versions/A/AudioUnit
0x00000001a2dd7000 	/System/Library/PrivateFrameworks/CoreUtils.framework/Versions/A/CoreUtils
0x00000002357a9000 	/System/Library/PrivateFrameworks/CoreUtilsExtras.framework/Versions/A/CoreUtilsExtras
0x000000023fdc4000 	/System/Library/PrivateFrameworks/IO80211.framework/Versions/A/IO80211
0x00000001acb3b000 	/System/Library/PrivateFrameworks/FrontBoardServices.framework/Versions/A/FrontBoardServices
0x00000001ae683000 	/System/Library/PrivateFrameworks/BackBoardServices.framework/Versions/A/BackBoardServices
0x00000001a54b7000 	/System/Library/PrivateFrameworks/IconFoundation.framework/Versions/A/IconFoundation
0x00000001aae7c000 	/System/Library/PrivateFrameworks/SpeechRecognitionCore.framework/Versions/A/SpeechRecognitionCore
0x00000001b70af000 	/usr/lib/libAccessibility.dylib
0x00000001ab578000 	/System/Library/Frameworks/MediaAccessibility.framework/Versions/A/MediaAccessibility
0x00000001dc65c000 	/System/Library/Frameworks/OSLog.framework/Versions/A/OSLog
0x00000001bc875000 	/System/Library/PrivateFrameworks/LoggingSupport.framework/Versions/A/LoggingSupport
0x0000000101a60000 	/Volumes/Eclipse/Eclipse.app/Contents/Eclipse/plugins/org.eclipse.justj.openjdk.hotspot.jre.full.macosx.aarch64_21.0.6.v20250130-0529/jre/lib/server/libjvm.dylib
0x000000010040c000 	/Volumes/Eclipse/Eclipse.app/Contents/Eclipse/plugins/org.eclipse.justj.openjdk.hotspot.jre.full.macosx.aarch64_21.0.6.v20250130-0529/jre/lib/libjimage.dylib
0x0000000100450000 	/Volumes/Eclipse/Eclipse.app/Contents/Eclipse/plugins/org.eclipse.justj.openjdk.hotspot.jre.full.macosx.aarch64_21.0.6.v20250130-0529/jre/lib/libjava.dylib
0x00000001006e8000 	/Volumes/Eclipse/Eclipse.app/Contents/Eclipse/plugins/org.eclipse.justj.openjdk.hotspot.jre.full.macosx.aarch64_21.0.6.v20250130-0529/jre/lib/libzip.dylib
0x0000000100710000 	/Volumes/Eclipse/Eclipse.app/Contents/Eclipse/plugins/org.eclipse.justj.openjdk.hotspot.jre.full.macosx.aarch64_21.0.6.v20250130-0529/jre/lib/libnio.dylib
0x00000001006c0000 	/Volumes/Eclipse/Eclipse.app/Contents/Eclipse/plugins/org.eclipse.justj.openjdk.hotspot.jre.full.macosx.aarch64_21.0.6.v20250130-0529/jre/lib/libnet.dylib
0x000000010190c000 	/Volumes/Eclipse/Eclipse.app/Contents/Eclipse/plugins/org.eclipse.justj.openjdk.hotspot.jre.full.macosx.aarch64_21.0.6.v20250130-0529/jre/lib/libawt.dylib
0x00000001019b4000 	/Volumes/Eclipse/Eclipse.app/Contents/Eclipse/plugins/org.eclipse.justj.openjdk.hotspot.jre.full.macosx.aarch64_21.0.6.v20250130-0529/jre/lib/libmlib_image.dylib
0x00000001f38b3000 	/System/Library/Frameworks/JavaRuntimeSupport.framework/Versions/A/JavaRuntimeSupport
0x00000001bb5d0000 	/System/Library/Frameworks/Carbon.framework/Versions/A/Carbon
0x00000001b3398000 	/System/Library/Frameworks/Carbon.framework/Versions/A/Frameworks/CommonPanels.framework/Versions/A/CommonPanels
0x00000001ae9bd000 	/System/Library/Frameworks/Carbon.framework/Versions/A/Frameworks/Help.framework/Versions/A/Help
0x00000001b339c000 	/System/Library/Frameworks/Carbon.framework/Versions/A/Frameworks/ImageCapture.framework/Versions/A/ImageCapture
0x00000001b3370000 	/System/Library/Frameworks/Carbon.framework/Versions/A/Frameworks/OpenScripting.framework/Versions/A/OpenScripting
0x00000001b3394000 	/System/Library/Frameworks/Carbon.framework/Versions/A/Frameworks/Ink.framework/Versions/A/Ink
0x00000001b3390000 	/System/Library/Frameworks/Carbon.framework/Versions/A/Frameworks/SecurityHI.framework/Versions/A/SecurityHI
0x000000011b6a4000 	/Volumes/Eclipse/Eclipse.app/Contents/Eclipse/plugins/org.eclipse.justj.openjdk.hotspot.jre.full.macosx.aarch64_21.0.6.v20250130-0529/jre/lib/libawt_lwawt.dylib
0x0000000100760000 	/Volumes/Eclipse/Eclipse.app/Contents/Eclipse/plugins/org.eclipse.justj.openjdk.hotspot.jre.full.macosx.aarch64_21.0.6.v20250130-0529/jre/lib/libosxapp.dylib
0x00000001ba42a000 	/System/Library/Frameworks/ExceptionHandling.framework/Versions/A/ExceptionHandling
0x000000011b7d8000 	/Volumes/Eclipse/Eclipse.app/Contents/Eclipse/plugins/org.eclipse.justj.openjdk.hotspot.jre.full.macosx.aarch64_21.0.6.v20250130-0529/jre/lib/libfontmanager.dylib
0x000000011b908000 	/Volumes/Eclipse/Eclipse.app/Contents/Eclipse/plugins/org.eclipse.justj.openjdk.hotspot.jre.full.macosx.aarch64_21.0.6.v20250130-0529/jre/lib/libfreetype.dylib
0x00000001ac1cb000 	/System/Library/Frameworks/FileProvider.framework/Versions/A/FileProvider
0x000000019de6b000 	/System/Library/Frameworks/Accounts.framework/Versions/A/Accounts
0x00000001ac37e000 	/System/Library/PrivateFrameworks/GenerationalStorage.framework/Versions/A/GenerationalStorage
0x00000001abf79000 	/System/Library/PrivateFrameworks/SymptomDiagnosticReporter.framework/Versions/A/SymptomDiagnosticReporter
0x000000019bd5b000 	/System/Library/PrivateFrameworks/DesktopServicesPriv.framework/Versions/A/DesktopServicesPriv
0x000000019a7f9000 	/usr/lib/libsandbox.1.dylib
0x00000001a7882000 	/System/Library/PrivateFrameworks/NetAuth.framework/Versions/A/NetAuth
0x00000001a8b4a000 	/System/Library/PrivateFrameworks/Sharing.framework/Versions/A/Sharing
0x000000019fa8d000 	/System/Library/PrivateFrameworks/login.framework/Versions/A/Frameworks/loginsupport.framework/Versions/A/loginsupport
0x00000001ae4c8000 	/System/Library/PrivateFrameworks/Apple80211.framework/Versions/A/Apple80211
0x00000001a382c000 	/System/Library/PrivateFrameworks/AuthKit.framework/Versions/A/AuthKit
0x00000001ae4cc000 	/System/Library/PrivateFrameworks/CoreWiFi.framework/Versions/A/CoreWiFi
0x00000001a2d5a000 	/System/Library/Frameworks/CoreWLAN.framework/Versions/A/CoreWLAN
0x00000001bc93f000 	/usr/lib/swift/libswiftCoreAudio.dylib
0x00000001c1c07000 	/usr/lib/swift/libswiftCoreLocation.dylib
0x00000001a5212000 	/usr/lib/libIOReport.dylib
0x00000001e3406000 	/System/Library/PrivateFrameworks/WiFiPeerToPeer.framework/Versions/A/WiFiPeerToPeer
0x00000001a39cc000 	/System/Library/Frameworks/UserNotifications.framework/Versions/A/UserNotifications
0x00000001a7dc8000 	/System/Library/PrivateFrameworks/CorePhoneNumbers.framework/Versions/A/CorePhoneNumbers
0x00000001a755d000 	/System/Library/PrivateFrameworks/MultiverseSupport.framework/Versions/A/MultiverseSupport
0x00000001ae913000 	/System/Library/PrivateFrameworks/RemoteServiceDiscovery.framework/Versions/A/RemoteServiceDiscovery
0x00000001ac0a7000 	/System/Library/PrivateFrameworks/DiskManagement.framework/Versions/A/DiskManagement
0x00000001abfae000 	/System/Library/PrivateFrameworks/AppleIDAuthSupport.framework/Versions/A/AppleIDAuthSupport
0x000000022da8c000 	/System/Library/PrivateFrameworks/AAAFoundation.framework/Versions/A/AAAFoundation
0x00000001a7d9a000 	/System/Library/PrivateFrameworks/KeychainCircle.framework/Versions/A/KeychainCircle
0x00000001ae927000 	/System/Library/PrivateFrameworks/RemoteXPC.framework/Versions/A/RemoteXPC
0x00000001ae9c9000 	/usr/lib/libcsfde.dylib
0x00000001a53c1000 	/usr/lib/libCoreStorage.dylib
0x00000001ac073000 	/System/Library/PrivateFrameworks/MediaKit.framework/Versions/A/MediaKit
0x00000001abfbb000 	/System/Library/Frameworks/DiscRecording.framework/Versions/A/DiscRecording
0x00000001a8fe0000 	/System/Library/PrivateFrameworks/ProtectedCloudStorage.framework/Versions/A/ProtectedCloudStorage
0x00000001ae9c1000 	/System/Library/PrivateFrameworks/EFILogin.framework/Versions/A/EFILogin
0x00000001ac3a6000 	/System/Library/PrivateFrameworks/OctagonTrust.framework/Versions/A/OctagonTrust
0x00000001a113a000 	/System/Library/Frameworks/CoreLocation.framework/Versions/A/CoreLocation
0x00000001a92a1000 	/System/Library/PrivateFrameworks/GeoServices.framework/Versions/A/GeoServices
0x00000001a71f6000 	/System/Library/PrivateFrameworks/LocationSupport.framework/Versions/A/LocationSupport
0x000000023cc23000 	/System/Library/PrivateFrameworks/GeoServicesCore.framework/Versions/A/GeoServicesCore
0x00000001b7085000 	/System/Library/PrivateFrameworks/PhoneNumbers.framework/Versions/A/PhoneNumbers
0x00000001a53b9000 	/usr/lib/libMatch.1.dylib
0x00000001c52ce000 	/System/Library/CoreServices/RawCamera.bundle/Contents/MacOS/RawCamera
0x00000001a7c95000 	/System/Library/PrivateFrameworks/MobileAsset.framework/Versions/A/MobileAsset
0x000000022f906000 	/System/Library/PrivateFrameworks/AppleJPEGXL.framework/Versions/A/AppleJPEGXL
0x00000001c257a000 	/System/Library/PrivateFrameworks/SoftwareUpdateCoreSupport.framework/Versions/A/SoftwareUpdateCoreSupport
0x00000001c999f000 	/System/Library/PrivateFrameworks/SoftwareUpdateCoreConnect.framework/Versions/A/SoftwareUpdateCoreConnect
0x00000001af0e6000 	/System/Library/PrivateFrameworks/StreamingZip.framework/Versions/A/StreamingZip
0x00000001c2223000 	/System/Library/PrivateFrameworks/MSUDataAccessor.framework/Versions/A/MSUDataAccessor
0x00000001be387000 	/usr/lib/libbootpolicy.dylib
0x00000001d0e57000 	/usr/lib/libpartition2_dynamic.dylib
0x0000000231323000 	/System/Library/PrivateFrameworks/CMPhoto.framework/Versions/A/CMPhoto
0x00000001a62cf000 	/System/Library/Frameworks/MediaToolbox.framework/Versions/A/MediaToolbox
0x00000001ac197000 	/System/Library/PrivateFrameworks/CoreAVCHD.framework/Versions/A/CoreAVCHD
0x00000001ac193000 	/System/Library/PrivateFrameworks/Mangrove.framework/Versions/A/Mangrove
0x00000001ac7a7000 	/System/Library/Frameworks/CoreTelephony.framework/Versions/A/CoreTelephony
0x00000001ac187000 	/System/Library/PrivateFrameworks/CoreAUC.framework/Versions/A/CoreAUC
0x00000001a7dd2000 	/usr/lib/libTelephonyUtilDynamic.dylib
0x00000001c1bed000 	/System/Library/Frameworks/Accelerate.framework/Versions/A/Frameworks/vImage.framework/Versions/A/Libraries/libCGInterfaces.dylib
0x000000011be34000 	/usr/lib/libobjc-trampolines.dylib
0x000000025d02a000 	/usr/lib/libAccessibilityBaseImplementations.dylib
0x00000001efff7000 	/System/Library/Extensions/AGXMetalG15G_C0.bundle/Contents/MacOS/AGXMetalG15G_C0
0x00000001b5fe4000 	/System/Library/PrivateFrameworks/IOGPU.framework/Versions/A/IOGPU
0x00000001a5751000 	/System/Library/PrivateFrameworks/login.framework/Versions/A/login
0x00000001acd11000 	/System/Library/Frameworks/LocalAuthentication.framework/Versions/A/LocalAuthentication
0x0000000241c6e000 	/System/Library/PrivateFrameworks/LocalAuthenticationCore.framework/Versions/A/LocalAuthenticationCore
0x00000001acd5c000 	/System/Library/Frameworks/LocalAuthentication.framework/Support/SharedUtils.framework/Versions/A/SharedUtils
0x00000001accac000 	/System/Library/Frameworks/CryptoTokenKit.framework/Versions/A/CryptoTokenKit
0x000000019f76f000 	/System/Library/PrivateFrameworks/ViewBridge.framework/Versions/A/ViewBridge
0x000000012b974000 	/Volumes/Eclipse/Eclipse.app/Contents/Eclipse/plugins/org.eclipse.justj.openjdk.hotspot.jre.full.macosx.aarch64_21.0.6.v20250130-0529/jre/lib/libosxui.dylib
0x0000000250bd3000 	/System/Library/PrivateFrameworks/TextInputUI.framework/Versions/A/TextInputUI
0x0000000250bdb000 	/System/Library/PrivateFrameworks/TextInputUIMacHelper.framework/Versions/A/TextInputUIMacHelper


VM Arguments:
jvm_args: -Dfile.encoding=UTF-8 -Dstdout.encoding=UTF-8 -Dstderr.encoding=UTF-8 -XX:+ShowCodeDetailsInExceptionMessages 
java_command: Main.GameApp
java_class_path (initial): /Users/jana/Documents/Summer 2025/IAT 265/Forgotten Pages/bin:/Users/jana/Documents/Summer 2025/IAT 265/Forgotten Pages/core.jar
Launcher Type: SUN_STANDARD

[Global flags]
     intx CICompilerCount                          = 4                                         {product} {ergonomic}
     uint ConcGCThreads                            = 2                                         {product} {ergonomic}
     uint G1ConcRefinementThreads                  = 8                                         {product} {ergonomic}
   size_t G1HeapRegionSize                         = 2097152                                   {product} {ergonomic}
    uintx GCDrainStackTargetSize                   = 64                                        {product} {ergonomic}
   size_t InitialHeapSize                          = 268435456                                 {product} {ergonomic}
   size_t MarkStackSize                            = 4194304                                   {product} {ergonomic}
   size_t MaxHeapSize                              = 4294967296                                {product} {ergonomic}
   size_t MaxNewSize                               = 2575302656                                {product} {ergonomic}
   size_t MinHeapDeltaBytes                        = 2097152                                   {product} {ergonomic}
   size_t MinHeapSize                              = 8388608                                   {product} {ergonomic}
    uintx NonNMethodCodeHeapSize                   = 5839564                                {pd product} {ergonomic}
    uintx NonProfiledCodeHeapSize                  = 122909338                              {pd product} {ergonomic}
    uintx ProfiledCodeHeapSize                     = 122909338                              {pd product} {ergonomic}
    uintx ReservedCodeCacheSize                    = 251658240                              {pd product} {ergonomic}
     bool SegmentedCodeCache                       = true                                      {product} {ergonomic}
     bool ShowCodeDetailsInExceptionMessages       = true                                   {manageable} {command line}
   size_t SoftMaxHeapSize                          = 4294967296                             {manageable} {ergonomic}
     bool UseCompressedOops                        = true                           {product lp64_product} {ergonomic}
     bool UseG1GC                                  = true                                      {product} {ergonomic}
     bool UseNUMA                                  = false                                     {product} {ergonomic}
     bool UseNUMAInterleaving                      = false                                     {product} {ergonomic}

Logging:
Log output configuration:
 #0: stdout all=warning uptime,level,tags foldmultilines=false
 #1: stderr all=off uptime,level,tags foldmultilines=false

Environment Variables:
PATH=/usr/bin:/bin:/usr/sbin:/sbin
SHELL=/bin/zsh
TMPDIR=/var/folders/_z/t2d499dj5ys4d2l1kkfm7jsr0000gn/T/

Active Locale:
LC_ALL=C
LC_COLLATE=C
LC_CTYPE=C
LC_MESSAGES=C
LC_MONETARY=C
LC_NUMERIC=C
LC_TIME=C

Signal Handlers:
   SIGSEGV: crash_handler in libjvm.dylib, mask=11100110000111110111111111111111, flags=SA_ONSTACK|SA_RESTART|SA_SIGINFO, unblocked
    SIGBUS: crash_handler in libjvm.dylib, mask=11100110000111110111111111111111, flags=SA_RESTART|SA_SIGINFO, unblocked
    SIGFPE: crash_handler in libjvm.dylib, mask=11100110000111110111111111111111, flags=SA_RESTART|SA_SIGINFO, unblocked
   SIGPIPE: javaSignalHandler in libjvm.dylib, mask=11100110000111110111111111111111, flags=SA_RESTART|SA_SIGINFO, blocked
   SIGXFSZ: javaSignalHandler in libjvm.dylib, mask=11100110000111110111111111111111, flags=SA_RESTART|SA_SIGINFO, blocked
    SIGILL: crash_handler in libjvm.dylib, mask=11100110000111110111111111111111, flags=SA_RESTART|SA_SIGINFO, unblocked
   SIGUSR2: SR_handler in libjvm.dylib, mask=00000000000000000000000000000000, flags=SA_RESTART|SA_SIGINFO, blocked
    SIGHUP: UserHandler in libjvm.dylib, mask=11100110000111110111111111111111, flags=SA_RESTART|SA_SIGINFO, blocked
    SIGINT: UserHandler in libjvm.dylib, mask=11100110000111110111111111111111, flags=SA_RESTART|SA_SIGINFO, blocked
   SIGTERM: UserHandler in libjvm.dylib, mask=11100110000111110111111111111111, flags=SA_RESTART|SA_SIGINFO, blocked
   SIGQUIT: UserHandler in libjvm.dylib, mask=11100110000111110111111111111111, flags=SA_RESTART|SA_SIGINFO, blocked
   SIGTRAP: crash_handler in libjvm.dylib, mask=11100110000111110111111111111111, flags=SA_RESTART|SA_SIGINFO, unblocked


Periodic native trim disabled

---------------  S Y S T E M  ---------------

OS:
uname: Darwin 23.6.0 Darwin Kernel Version 23.6.0: Fri Jul  5 17:56:39 PDT 2024; root:xnu-10063.141.1~2/RELEASE_ARM64_T8122 arm64
OS uptime: 123 days 16:10 hours
rlimit (soft/hard): STACK 8176k/65520k , CORE 0k/infinity , NPROC 2666/4000 , NOFILE 1048576/infinity , AS infinity/infinity , CPU infinity/infinity , DATA infinity/infinity , FSIZE infinity/infinity , MEMLOCK infinity/infinity , RSS infinity/infinity
load average: 3.37 4.62 3.86

CPU: total 8 (initial active 8) 0x61:0x0:0xfa33415e:0, fp, asimd, aes, pmull, sha1, sha256, crc32, lse, sha3, sha512
machdep.cpu.brand_string:Apple M3
hw.cachelinesize:128
hw.l1icachesize:131072
hw.l1dcachesize:65536
hw.l2cachesize:4194304

Memory: 16k page, physical 16777216k(36144k free), swap 5242880k(958976k free)

vm_info: OpenJDK 64-Bit Server VM (21.0.6+7-LTS) for bsd-aarch64 JRE (21.0.6+7-LTS), built on 2025-01-21T00:00:00Z by "admin" with clang Apple LLVM 15.0.0 (clang-1500.1.0.2.5)

END.
